#
# A fatal error has been detected by the Java Runtime Environment:
#
#  EXCEPTION_ACCESS_VIOLATION (0xc0000005) at pc=0x00007ffe9e409932, pid=12544, tid=8148
#
# JRE version: 6.0_35-b10
# Java VM: Java HotSpot(TM) 64-Bit Server VM (20.10-b01 mixed mode windows-amd64 compressed oops)
# Problematic frame:
# C  [ntdll.dll+0xa9932]
#
# If you would like to submit a bug report, please visit:
#   http://java.sun.com/webapps/bugreport/crash.jsp
#

---------------  T H R E A D  ---------------

Current thread (0x0000000002639800):  JavaThread "main" [_thread_in_Java, id=8148, stack(0x0000000000050000,0x0000000000150000)]

siginfo: ExceptionCode=0xc0000005, reading address 0xffffffffffffffff

Registers:
RAX=0x000000000012f001, RBX=0x0000000000000000, RCX=0x0000000000146b18, RDX=0x0000000000146a30
RSP=0x00000000001469b8, RBP=0x00007ffe722244f0, RSI=0x0000000000000023, RDI=0x0000000000000003
R8 =0x000000000025c000, R9 =0x00000000001469c0, R10=0x0000000000000000, R11=0x00007ffe9bf74157
R12=0x0000000000000050, R13=0x0000000000000000, R14=0x00007ffe722244f0, R15=0x0000000000000000
RIP=0x00007ffe9e409932, EFLAGS=0x0000000000010202

Top of Stack: (sp=0x00000000001469b8)
0x00000000001469b8:   0000000000000202 00007ffe9e3923de
0x00000000001469c8:   0000000000000540 0000000000000000
0x00000000001469d8:   00007ffe9bf10000 0000000002639800
0x00000000001469e8:   0000000000000000 00000000168ca980
0x00000000001469f8:   0000000000000510 00000000167f9b40
0x0000000000146a08:   00007ffe9bf19e50 0000000000000510
0x0000000000146a18:   00000000167f9b40 000000000012f000
0x0000000000146a28:   0000000000000008 0000000000150000
0x0000000000146a38:   000000006daa2996 00000003106eea50
0x0000000000146a48:   00000000167f9b40 000000000263b628
0x0000000000146a58:   0000000000000050 000000000263b628
0x0000000000146a68:   000000006da90177 0000000000000000
0x0000000000146a78:   0000000000000001 00000000106eea50
0x0000000000146a88:   0000000000000023 0000000000000000
0x0000000000146a98:   0000000000146ca0 0000000000146cd0
0x0000000000146aa8:   0000000002634040 00007ffe722244f0 

Instructions: (pc=0x00007ffe9e409932)
0x00007ffe9e409912:   cc cc cc cc 66 66 0f 1f 84 00 00 00 00 00 48 9c
0x00007ffe9e409922:   d9 b9 00 01 00 00 c7 81 02 01 00 00 00 00 00 00
0x00007ffe9e409932:   0f 29 b1 00 02 00 00 0f 29 b9 10 02 00 00 44 0f
0x00007ffe9e409942:   29 81 20 02 00 00 44 0f 29 89 30 02 00 00 44 0f 


Register to memory mapping:

RAX=0x000000000012f001 is pointing into the stack for thread: 0x0000000002639800
RBX=0x0000000000000000 is an unknown value
RCX=0x0000000000146b18 is pointing into the stack for thread: 0x0000000002639800
RDX=0x0000000000146a30 is pointing into the stack for thread: 0x0000000002639800
RSP=0x00000000001469b8 is pointing into the stack for thread: 0x0000000002639800
RBP=0x00007ffe722244f0 is an unknown value
RSI=0x0000000000000023 is an unknown value
RDI=0x0000000000000003 is an unknown value
R8 =0x000000000025c000 is an unknown value
R9 =0x00000000001469c0 is pointing into the stack for thread: 0x0000000002639800
R10=0x0000000000000000 is an unknown value
R11=0x00007ffe9bf74157 is an unknown value
R12=0x0000000000000050 is an unknown value
R13=0x0000000000000000 is an unknown value
R14=0x00007ffe722244f0 is an unknown value
R15=0x0000000000000000 is an unknown value


Stack: [0x0000000000050000,0x0000000000150000],  sp=0x00000000001469b8,  free space=986k
Native frames: (J=compiled Java code, j=interpreted, Vv=VM code, C=native code)
C  [ntdll.dll+0xa9932]  KiRaiseUserExceptionDispatcher+0x72

Java frames: (J=compiled Java code, j=interpreted, Vv=VM code)
v  blob 0x0000000009f5707f
j  java.lang.String.equals(Ljava/lang/Object;)Z+8
j  javax.swing.ArrayTable.get(Ljava/lang/Object;)Ljava/lang/Object;+44
j  javax.swing.JComponent.putClientProperty(Ljava/lang/Object;Ljava/lang/Object;)V+37
j  oracle.bali.ewt.painter.JPaintContext.putPaintContext(Ljavax/swing/JComponent;Loracle/bali/ewt/painter/PaintContext;)V+5
j  oracle.bali.ewt.olaf.OracleUIUtils.putPaintContext(Ljavax/swing/JComponent;Loracle/bali/ewt/painter/PaintContext;)V+2
j  oracle.bali.ewt.olaf.OracleUIUtils.putPaintContext(Ljavax/swing/JComponent;)V+5
j  oracle.bali.ewt.olaf.OraclePanelUI.installUI(Ljavax/swing/JComponent;)V+76
j  javax.swing.JComponent.setUI(Ljavax/swing/plaf/ComponentUI;)V+135
j  javax.swing.JPanel.setUI(Ljavax/swing/plaf/PanelUI;)V+2
j  javax.swing.JPanel.updateUI()V+8
j  javax.swing.JPanel.<init>(Ljava/awt/LayoutManager;Z)V+24
j  javax.swing.JPanel.<init>(Z)V+9
j  javax.swing.JPanel.<init>()V+2
j  oracle.help.DefaultNavigatorPanel.<init>()V+1
j  oracle.help.Help._initHelpSystem(Ljava/lang/Class;Ljava/applet/AppletContext;Ljava/lang/String;ZZZZ)V+55
j  oracle.help.Help.<init>(ZZZ)V+59
j  oracle.help.Help.<init>(ZZ)V+4
j  oracle.help.Help.<init>()V+3
j  oracle.dfc.help.DevHelpManager.<init>(Ljava/lang/String;Ljava/lang/String;IZ)V+98
j  oracle.dfc.help.DevHelpManager.<init>(Ljava/lang/String;IZ)V+5
j  oracle.dfc.help.DevHelpManager.<init>(Ljava/lang/String;I)V+4
v  ~StubRoutines::call_stub

---------------  P R O C E S S  ---------------

Java Threads: ( => current thread )
  0x000000000ff59800 JavaThread "AWT-Windows" daemon [_thread_in_native, id=1220, stack(0x0000000011030000,0x0000000011130000)]
  0x000000000ff54000 JavaThread "Java2D Disposer" daemon [_thread_blocked, id=1156, stack(0x0000000010e30000,0x0000000010f30000)]
  0x000000000e6b9000 JavaThread "Low Memory Detector" daemon [_thread_blocked, id=14352, stack(0x000000000f840000,0x000000000f940000)]
  0x000000000e6a4800 JavaThread "C2 CompilerThread1" daemon [_thread_blocked, id=3632, stack(0x000000000f740000,0x000000000f840000)]
  0x000000000e6a0800 JavaThread "C2 CompilerThread0" daemon [_thread_blocked, id=11652, stack(0x000000000f640000,0x000000000f740000)]
  0x000000000e69b000 JavaThread "Attach Listener" daemon [_thread_blocked, id=4324, stack(0x000000000f540000,0x000000000f640000)]
  0x000000000e69a000 JavaThread "Signal Dispatcher" daemon [_thread_blocked, id=8548, stack(0x000000000f440000,0x000000000f540000)]
  0x000000000e634800 JavaThread "Finalizer" daemon [_thread_blocked, id=14916, stack(0x000000000f340000,0x000000000f440000)]
  0x000000000e631800 JavaThread "Reference Handler" daemon [_thread_blocked, id=11592, stack(0x000000000f240000,0x000000000f340000)]
=>0x0000000002639800 JavaThread "main" [_thread_in_Java, id=8148, stack(0x0000000000050000,0x0000000000150000)]

Other Threads:
  0x000000000e61d800 VMThread [stack: 0x000000000f140000,0x000000000f240000] [id=5132]
  0x000000000e6cc000 WatcherThread [stack: 0x000000000f940000,0x000000000fa40000] [id=9080]

VM state:not at safepoint (normal execution)

VM Mutex/Monitor currently owned by a thread: None

Heap
 PSYoungGen      total 76480K, used 6568K [0x00000007aaab0000, 0x00000007b0000000, 0x0000000800000000)
  eden space 65600K, 10% used [0x00000007aaab0000,0x00000007ab11a260,0x00000007aeac0000)
  from space 10880K, 0% used [0x00000007af560000,0x00000007af560000,0x00000007b0000000)
  to   space 10880K, 0% used [0x00000007aeac0000,0x00000007aeac0000,0x00000007af560000)
 PSOldGen        total 174784K, used 0K [0x0000000700000000, 0x000000070aab0000, 0x00000007aaab0000)
  object space 174784K, 0% used [0x0000000700000000,0x0000000700000000,0x000000070aab0000)
 PSPermGen       total 21248K, used 8666K [0x00000006fae00000, 0x00000006fc2c0000, 0x0000000700000000)
  object space 21248K, 40% used [0x00000006fae00000,0x00000006fb6769d0,0x00000006fc2c0000)

Code Cache  [0x0000000009f20000, 0x000000000a190000, 0x000000000cf20000)
 total_blobs=290 nmethods=8 adapters=236 free_code_cache=49872896 largest_free_block=6016

Dynamic libraries:
0x0000000000400000 - 0x00000000007de000 	D:\Oracle\Middleware\Oracle_FRHome1\BIN\frmbld.exe
0x00007ffe9e360000 - 0x00007ffe9e52f000 	C:\Windows\SYSTEM32\ntdll.dll
0x00007ffe9e0f0000 - 0x00007ffe9e19d000 	C:\Windows\System32\KERNEL32.DLL
0x00007ffe9a9f0000 - 0x00007ffe9ac0e000 	C:\Windows\System32\KERNELBASE.dll
0x00007ffe98d60000 - 0x00007ffe98dda000 	C:\Windows\system32\apphelp.dll
0x00007ffe71db0000 - 0x00007ffe72232000 	C:\Windows\AppPatch\AppPatch64\AcLayers.DLL
0x00007ffe9bf00000 - 0x00007ffe9bf9e000 	C:\Windows\System32\msvcrt.dll
0x00007ffe9b900000 - 0x00007ffe9ba66000 	C:\Windows\System32\USER32.dll
0x00007ffe9a880000 - 0x00007ffe9a89e000 	C:\Windows\System32\win32u.dll
0x00007ffe9de60000 - 0x00007ffe9de94000 	C:\Windows\System32\GDI32.dll
0x00007ffe9b660000 - 0x00007ffe9b7e4000 	C:\Windows\System32\gdi32full.dll
0x00007ffe9c380000 - 0x00007ffe9c3d2000 	C:\Windows\System32\SHLWAPI.dll
0x00007ffe9c440000 - 0x00007ffe9c706000 	C:\Windows\System32\combase.dll
0x00007ffe9b560000 - 0x00007ffe9b654000 	C:\Windows\System32\ucrtbase.dll
0x00007ffe9e240000 - 0x00007ffe9e35d000 	C:\Windows\System32\RPCRT4.dll
0x00007ffe9ac10000 - 0x00007ffe9ac7c000 	C:\Windows\System32\bcryptPrimitives.dll
0x0000000180000000 - 0x0000000180003000 	C:\Windows\SYSTEM32\sfc.dll
0x00007ffe93720000 - 0x00007ffe937a7000 	C:\Windows\SYSTEM32\WINSPOOL.DRV
0x00007ffe9a6f0000 - 0x00007ffe9a71b000 	C:\Windows\SYSTEM32\bcrypt.dll
0x00007ffe8c190000 - 0x00007ffe8c1a1000 	C:\Windows\SYSTEM32\sfc_os.DLL
0x00007ffe8f2e0000 - 0x00007ffe8f2f1000 	C:\Windows\SYSTEM32\SortWindows61.dll
0x00007ffe9c920000 - 0x00007ffe9c94e000 	C:\Windows\System32\IMM32.DLL
0x00007ffe9dea0000 - 0x00007ffe9dfd9000 	C:\Windows\System32\ole32.dll
0x00000000669f0000 - 0x0000000066a65000 	D:\Oracle\Middleware\Oracle_FRHome1\BIN\CA.dll
0x0000000010000000 - 0x000000001014b000 	D:\Oracle\Middleware\Oracle_FRHome1\BIN\oracore11.dll
0x0000000066070000 - 0x000000006609b000 	D:\Oracle\Middleware\Oracle_FRHome1\BIN\mmc.dll
0x00007ffe9c3e0000 - 0x00007ffe9c43b000 	C:\Windows\System32\sechost.dll
0x00007ffe9c140000 - 0x00007ffe9c200000 	C:\Windows\System32\OLEAUT32.dll
0x00007ffe9a8a0000 - 0x00007ffe9a93c000 	C:\Windows\System32\msvcp_win.dll
0x00007ffe9c710000 - 0x00007ffe9c7b6000 	C:\Windows\System32\ADVAPI32.dll
0x0000000066030000 - 0x0000000066065000 	D:\Oracle\Middleware\Oracle_FRHome1\BIN\mmi.dll
0x0000000065fa0000 - 0x0000000065fcf000 	D:\Oracle\Middleware\Oracle_FRHome1\BIN\mmw.dll
0x00000000027a0000 - 0x00000000028a0000 	D:\Oracle\Middleware\Oracle_FRHome1\BIN\oranls11.dll
0x00007ffe9dfe0000 - 0x00007ffe9e04a000 	C:\Windows\System32\WS2_32.dll
0x00007ffe9e0e0000 - 0x00007ffe9e0e8000 	C:\Windows\System32\PSAPI.DLL
0x0000000065f70000 - 0x0000000065f92000 	D:\Oracle\Middleware\Oracle_FRHome1\BIN\nn.dll
0x00000000028a0000 - 0x0000000002ad1000 	D:\Oracle\Middleware\Oracle_FRHome1\BIN\oracommon11.dll
0x0000000002ae0000 - 0x000000000382a000 	D:\Oracle\Middleware\Oracle_FRHome1\BIN\orageneric11.dll
0x00000000008c0000 - 0x0000000000928000 	D:\Oracle\Middleware\Oracle_FRHome1\BIN\orasql11.dll
0x0000000065220000 - 0x0000000065247000 	D:\Oracle\Middleware\Oracle_FRHome1\BIN\UIDC.dll
0x0000000065120000 - 0x00000000651c1000 	D:\Oracle\Middleware\Oracle_FRHome1\BIN\UIREM.dll
0x0000000003830000 - 0x0000000003975000 	D:\Oracle\Middleware\Oracle_FRHome1\BIN\UIW.dll
0x00007ffe9c950000 - 0x00007ffe9de55000 	C:\Windows\System32\SHELL32.dll
0x00007ffe9a830000 - 0x00007ffe9a872000 	C:\Windows\System32\cfgmgr32.dll
0x0000000065200000 - 0x000000006521c000 	D:\Oracle\Middleware\Oracle_FRHome1\BIN\UIIM.dll
0x00007ffe9ae80000 - 0x00007ffe9b553000 	C:\Windows\System32\windows.storage.dll
0x00007ffe9c210000 - 0x00007ffe9c30a000 	C:\Windows\System32\comdlg32.dll
0x00007ffe9a7d0000 - 0x00007ffe9a81c000 	C:\Windows\System32\powrprof.dll
0x00000000652f0000 - 0x0000000065311000 	D:\Oracle\Middleware\Oracle_FRHome1\BIN\UAT.dll
0x00007ffe9a940000 - 0x00007ffe9a9e8000 	C:\Windows\System32\shcore.dll
0x00007ffe9a7c0000 - 0x00007ffe9a7cf000 	C:\Windows\System32\kernel.appcore.dll
0x0000000000930000 - 0x000000000093a000 	D:\Oracle\Middleware\Oracle_FRHome1\BIN\UTC.dll
0x00007ffe9a7a0000 - 0x00007ffe9a7b4000 	C:\Windows\System32\profapi.dll
0x0000000000940000 - 0x000000000094e000 	D:\Oracle\Middleware\Oracle_FRHome1\BIN\UTJ.dll
0x0000000000b50000 - 0x0000000000b69000 	D:\Oracle\Middleware\Oracle_FRHome1\BIN\UTL.dll
0x0000000064e30000 - 0x0000000064f6a000 	D:\Oracle\Middleware\Oracle_FRHome1\BIN\VGS.dll
0x00007ffe9e050000 - 0x00007ffe9e06c000 	C:\Windows\System32\imagehlp.dll
0x0000000000b70000 - 0x0000000000b75000 	D:\Oracle\Middleware\Oracle_FRHome1\BIN\obs.dll
0x00000000669e0000 - 0x00000000669e6000 	D:\Oracle\Middleware\Oracle_FRHome1\BIN\D2SC.dll
0x0000000000b80000 - 0x0000000000b85000 	D:\Oracle\Middleware\Oracle_FRHome1\BIN\dfc.dll
0x0000000003980000 - 0x0000000003c5d000 	D:\Oracle\Middleware\Oracle_FRHome1\BIN\DE.dll
0x00000000652b0000 - 0x00000000652e7000 	D:\Oracle\Middleware\Oracle_FRHome1\BIN\UCOL.dll
0x00000000660b0000 - 0x00000000660bf000 	D:\Oracle\Middleware\Oracle_FRHome1\BIN\mma.dll
0x0000000066000000 - 0x0000000066021000 	D:\Oracle\Middleware\Oracle_FRHome1\BIN\mms.dll
0x0000000003c60000 - 0x0000000004087000 	D:\Oracle\Middleware\Oracle_FRHome1\BIN\oraclient11.dll
0x0000000065270000 - 0x00000000652a7000 	D:\Oracle\Middleware\Oracle_FRHome1\BIN\UIA.dll
0x0000000065f00000 - 0x0000000065f57000 	D:\Oracle\Middleware\Oracle_FRHome1\BIN\ROS.dll
0x00007ffe8cbf0000 - 0x00007ffe8cbf9000 	C:\Windows\SYSTEM32\WSOCK32.dll
0x0000000000b90000 - 0x0000000000b97000 	D:\Oracle\Middleware\Oracle_FRHome1\BIN\orauts.dll
0x0000000004090000 - 0x00000000040ad000 	D:\Oracle\Middleware\Oracle_FRHome1\BIN\oraunls11.dll
0x00007ffe98ac0000 - 0x00007ffe98ae3000 	C:\Windows\SYSTEM32\WINMM.dll
0x0000000065fe0000 - 0x0000000065fea000 	D:\Oracle\Middleware\Oracle_FRHome1\BIN\mmv.dll
0x00000000040b0000 - 0x00000000040e5000 	D:\Oracle\Middleware\Oracle_FRHome1\BIN\uiole.dll
0x00000000040f0000 - 0x00000000045e9000 	D:\Oracle\Middleware\Oracle_FRHome1\BIN\orapls11.dll
0x00000000045f0000 - 0x000000000462b000 	D:\Oracle\Middleware\Oracle_FRHome1\BIN\orasnls11.dll
0x0000000004630000 - 0x0000000004910000 	D:\Oracle\Middleware\Oracle_FRHome1\BIN\oraxml11.dll
0x0000000004910000 - 0x0000000004da8000 	D:\Oracle\Middleware\Oracle_FRHome1\BIN\oran11.dll
0x0000000004db0000 - 0x0000000004dd1000 	D:\Oracle\Middleware\Oracle_FRHome1\BIN\orancrypt11.dll
0x0000000004de0000 - 0x0000000004e15000 	D:\Oracle\Middleware\Oracle_FRHome1\BIN\orantcp11.dll
0x0000000004e20000 - 0x0000000004e96000 	D:\Oracle\Middleware\Oracle_FRHome1\BIN\oranl11.dll
0x00007ffe94cc0000 - 0x00007ffe94d6c000 	C:\Windows\WinSxS\amd64_microsoft.windows.common-controls_6595b64144ccf1df_5.82.14393.2457_none_a13eaee9d8fd5c07\COMCTL32.dll
0x0000000004f50000 - 0x0000000005166000 	D:\Oracle\Middleware\Oracle_FRHome1\BIN\orannzsbb11.dll
0x0000000005170000 - 0x00000000051f6000 	D:\Oracle\Middleware\Oracle_FRHome1\BIN\orahasgen11.dll
0x0000000005200000 - 0x000000000527e000 	D:\Oracle\Middleware\Oracle_FRHome1\BIN\oraocr11.dll
0x0000000005280000 - 0x000000000548d000 	D:\Oracle\Middleware\Oracle_FRHome1\BIN\orazt11.dll
0x0000000005490000 - 0x0000000005560000 	D:\Oracle\Middleware\Oracle_FRHome1\BIN\libmmd.dll
0x0000000005560000 - 0x000000000598e000 	D:\Oracle\Middleware\Oracle_FRHome1\BIN\oraplp11.dll
0x0000000005990000 - 0x00000000059ac000 	D:\Oracle\Middleware\Oracle_FRHome1\BIN\oraplc11.dll
0x0000000065250000 - 0x000000006526e000 	D:\Oracle\Middleware\Oracle_FRHome1\BIN\UICC.dll
0x00000000059b0000 - 0x00000000059b7000 	D:\Oracle\Middleware\Oracle_FRHome1\BIN\oravsn11.dll
0x00000000059c0000 - 0x0000000005bd8000 	D:\Oracle\Middleware\Oracle_FRHome1\BIN\oraldapclnt11.dll
0x0000000005be0000 - 0x0000000005c3a000 	D:\Oracle\Middleware\Oracle_FRHome1\BIN\oranro11.dll
0x00007ffe8e4b0000 - 0x00007ffe8e4d0000 	C:\Windows\SYSTEM32\AVIFIL32.dll
0x00007ffe98980000 - 0x00007ffe989ab000 	C:\Windows\SYSTEM32\WINMMBASE.dll
0x0000000005c40000 - 0x0000000005c92000 	D:\Oracle\Middleware\Oracle_FRHome1\BIN\oranldap11.dll
0x00007ffe92d00000 - 0x00007ffe92d18000 	C:\Windows\SYSTEM32\msvcirt.dll
0x0000000005ca0000 - 0x0000000005cac000 	D:\Oracle\Middleware\Oracle_FRHome1\BIN\oranhost11.dll
0x0000000005cb0000 - 0x0000000005cb7000 	D:\Oracle\Middleware\Oracle_FRHome1\BIN\orancds11.dll
0x0000000005cc0000 - 0x0000000005ccf000 	D:\Oracle\Middleware\Oracle_FRHome1\BIN\orantns11.dll
0x0000000005cd0000 - 0x0000000005d7d000 	D:\Oracle\Middleware\Oracle_FRHome1\BIN\oraztkg11.dll
0x0000000004ea0000 - 0x0000000004eac000 	D:\Oracle\Middleware\Oracle_FRHome1\BIN\oraslax11.dll
0x00007ffe90210000 - 0x00007ffe90229000 	C:\Windows\SYSTEM32\NETAPI32.dll
0x00007ffe99da0000 - 0x00007ffe99dd8000 	C:\Windows\SYSTEM32\iphlpapi.dll
0x00007ffe97ae0000 - 0x00007ffe97aec000 	C:\Windows\SYSTEM32\Secur32.dll
0x0000000004eb0000 - 0x0000000004f18000 	D:\Oracle\Middleware\Oracle_FRHome1\BIN\oraocrb11.dll
0x00007ffe8dcb0000 - 0x00007ffe8dcd9000 	C:\Windows\SYSTEM32\MSVFW32.dll
0x00007ffe8e070000 - 0x00007ffe8e08c000 	C:\Windows\SYSTEM32\MSACM32.dll
0x00007ffe9a410000 - 0x00007ffe9a43c000 	C:\Windows\SYSTEM32\SSPICLI.DLL
0x00007ffe97d60000 - 0x00007ffe97d79000 	C:\Windows\SYSTEM32\SAMCLI.DLL
0x00007ffe99de0000 - 0x00007ffe99ded000 	C:\Windows\SYSTEM32\NETUTILS.DLL
0x00007ffe99ed0000 - 0x00007ffe99f10000 	C:\Windows\SYSTEM32\LOGONCLI.DLL
0x00007ffe8f790000 - 0x00007ffe8f992000 	C:\Windows\system32\tmumh\20019\AddOn\8.55.0.1288\TmUmEvt64.dll
0x0000000057180000 - 0x0000000057317000 	C:\Windows\system32\tmumh\20019\TmMon\2.9.0.1084\tmmon64.dll
0x00007ffe99020000 - 0x00007ffe990b5000 	C:\Windows\system32\uxtheme.dll
0x00007ffe9c7c0000 - 0x00007ffe9c91b000 	C:\Windows\System32\MSCTF.dll
0x00007ffe97d80000 - 0x00007ffe97da6000 	C:\Windows\system32\dwmapi.dll
0x00007ffe9a680000 - 0x00007ffe9a6d6000 	C:\Windows\SYSTEM32\WINSTA.dll
0x0000000008a70000 - 0x0000000008b0f000 	C:\Windows\System32\clbcatq.dll
0x00007ffe82cc0000 - 0x00007ffe82d09000 	C:\Windows\system32\dataexchange.dll
0x00007ffe96a60000 - 0x00007ffe96d16000 	C:\Windows\system32\d3d11.dll
0x00007ffe98550000 - 0x00007ffe986a1000 	C:\Windows\system32\dcomp.dll
0x00007ffe99880000 - 0x00007ffe9991f000 	C:\Windows\system32\dxgi.dll
0x00007ffe992e0000 - 0x00007ffe993f3000 	C:\Windows\system32\twinapi.appcore.dll
0x00007ffe849d0000 - 0x00007ffe84a3f000 	C:\Windows\SYSTEM32\MMDevAPI.DLL
0x00007ffe99460000 - 0x00007ffe99488000 	C:\Windows\SYSTEM32\DEVOBJ.dll
0x00007ffe96ed0000 - 0x00007ffe97055000 	C:\Windows\SYSTEM32\PROPSYS.dll
0x000000006d8b0000 - 0x000000006e069000 	D:\Oracle\Middleware\Oracle_FRHome1\jdk\jre\bin\server\jvm.dll
0x000000006d820000 - 0x000000006d82e000 	D:\Oracle\Middleware\Oracle_FRHome1\jdk\jre\bin\verify.dll

VM Arguments:
jvm_args: -Dsun.java2d.noddraw=true -Xnohup -Xbootclasspath/p:D:\Oracle\Middleware\Oracle_FRHome1\vbroker4\lib\vbjboot.jar 
java_command: <unknown>
Launcher Type: generic

Environment Variables:
PATH=D:\Oracle\Middleware\Oracle_FRHome1\bin;C:\oraclexe\app\oracle\product\11.2.0\server\bin;C:\orant\bin;C:\Windows\system32;C:\Windows;C:\Windows\System32\Wbem;C:\Windows\System32\WindowsPowerShell\v1.0\;D:\Oracle\Middleware\Oracle_FRHome1\opmn\bin;D:\Oracle\Middleware\Oracle_FRHome1\opmn\lib;D:\Oracle\Middleware\Oracle_FRHome1\perl\bin;C:\instantclient_19_12;C:\Users\Administrator\AppData\Local\Microsoft\WindowsApps;
USERNAME=Administrator
LD_LIBRARY_PATH=D:\Oracle\Middleware\Oracle_FRHome1\lib
OS=Windows_NT
PROCESSOR_IDENTIFIER=Intel64 Family 6 Model 63 Stepping 2, GenuineIntel



---------------  S Y S T E M  ---------------

OS: Windows NT 6.1 , 64 bit Build 7600 

CPU:total 8 (2 cores per cpu, 1 threads per core) family 6 model 63 stepping 2, cmov, cx8, fxsr, mmx, sse, sse2, sse3, ssse3, sse4.1, sse4.2, popcnt

Memory: 4k page, physical 16776164k(8796912k free), swap 19266532k(6631448k free)

vm_info: Java HotSpot(TM) 64-Bit Server VM (20.10-b01) for windows-amd64 JRE (1.6.0_35-b10), built on Aug 28 2012 16:50:10 by "java_re" with MS VC++ 8.0 (VS2005)

time: Thu Jul 04 18:42:28 2024
elapsed time: 3497 seconds

