#
# A fatal error has been detected by the Java Runtime Environment:
#
#  EXCEPTION_ACCESS_VIOLATION (0xc0000005) at pc=0x00007ffe46259932, pid=20144, tid=18436
#
# JRE version: 6.0_35-b10
# Java VM: Java HotSpot(TM) 64-Bit Server VM (20.10-b01 mixed mode windows-amd64 compressed oops)
# Problematic frame:
# C  [ntdll.dll+0xa9932]
#
# If you would like to submit a bug report, please visit:
#   http://java.sun.com/webapps/bugreport/crash.jsp
#

---------------  T H R E A D  ---------------

Current thread (0x0000000002669800):  JavaThread "main" [_thread_in_Java, id=18436, stack(0x0000000000050000,0x0000000000150000)]

siginfo: ExceptionCode=0xc0000005, reading address 0xffffffffffffffff

Registers:
RAX=0x0000000000131001, RBX=0x0000000000000000, RCX=0x00000000001491e8, RDX=0x0000000000149100
RSP=0x0000000000149088, RBP=0x00007ffe29a6d450, RSI=0x0000000000000023, RDI=0x0000000000000003
R8 =0x00000000003e4000, R9 =0x0000000000149090, R10=0x0000000000000000, R11=0x00007ffe45a44157
R12=0x0000000000000050, R13=0x0000000000000000, R14=0x00007ffe29a6d450, R15=0x0000000000000000
RIP=0x00007ffe46259932, EFLAGS=0x0000000000010202

Top of Stack: (sp=0x0000000000149088)
0x0000000000149088:   0000000000000202 00007ffe461e23de
0x0000000000149098:   0000000000000540 0000000000000000
0x00000000001490a8:   00007ffe459e0000 0000000002669800
0x00000000001490b8:   0000000000000000 000000000e6229f0
0x00000000001490c8:   0000000000000510 0000000014fb41c0
0x00000000001490d8:   00007ffe459e9e50 0000000000000510
0x00000000001490e8:   0000000014fb41c0 0000000000131000
0x00000000001490f8:   0000000000000008 0000000000150000
0x0000000000149108:   000000006daa2996 0000000315471e40
0x0000000000149118:   0000000014fb41c0 000000000266b630
0x0000000000149128:   0000000000000050 000000000266b630
0x0000000000149138:   000000006da90177 0000000000000000
0x0000000000149148:   0000000000000001 0000000015471e40
0x0000000000149158:   0000000000000023 0000000000000000
0x0000000000149168:   0000000000149370 00000000001493a0
0x0000000000149178:   0000000002664040 00007ffe29a6d450 

Instructions: (pc=0x00007ffe46259932)
0x00007ffe46259912:   cc cc cc cc 66 66 0f 1f 84 00 00 00 00 00 48 9c
0x00007ffe46259922:   d9 b9 00 01 00 00 c7 81 02 01 00 00 00 00 00 00
0x00007ffe46259932:   0f 29 b1 00 02 00 00 0f 29 b9 10 02 00 00 44 0f
0x00007ffe46259942:   29 81 20 02 00 00 44 0f 29 89 30 02 00 00 44 0f 


Register to memory mapping:

RAX=0x0000000000131001 is pointing into the stack for thread: 0x0000000002669800
RBX=0x0000000000000000 is an unknown value
RCX=0x00000000001491e8 is pointing into the stack for thread: 0x0000000002669800
RDX=0x0000000000149100 is pointing into the stack for thread: 0x0000000002669800
RSP=0x0000000000149088 is pointing into the stack for thread: 0x0000000002669800
RBP=0x00007ffe29a6d450 is an unknown value
RSI=0x0000000000000023 is an unknown value
RDI=0x0000000000000003 is an unknown value
R8 =0x00000000003e4000 is an unknown value
R9 =0x0000000000149090 is pointing into the stack for thread: 0x0000000002669800
R10=0x0000000000000000 is an unknown value
R11=0x00007ffe45a44157 is an unknown value
R12=0x0000000000000050 is an unknown value
R13=0x0000000000000000 is an unknown value
R14=0x00007ffe29a6d450 is an unknown value
R15=0x0000000000000000 is an unknown value


Stack: [0x0000000000050000,0x0000000000150000],  sp=0x0000000000149088,  free space=996k
Native frames: (J=compiled Java code, j=interpreted, Vv=VM code, C=native code)
C  [ntdll.dll+0xa9932]  KiRaiseUserExceptionDispatcher+0x72

Java frames: (J=compiled Java code, j=interpreted, Vv=VM code)
v  blob 0x0000000009ef707f
j  java.lang.String.equals(Ljava/lang/Object;)Z+8
j  javax.swing.ArrayTable.get(Ljava/lang/Object;)Ljava/lang/Object;+44
j  javax.swing.JComponent.putClientProperty(Ljava/lang/Object;Ljava/lang/Object;)V+37
j  oracle.bali.ewt.painter.JPaintContext.putPaintContext(Ljavax/swing/JComponent;Loracle/bali/ewt/painter/PaintContext;)V+5
j  oracle.bali.ewt.olaf.OracleUIUtils.putPaintContext(Ljavax/swing/JComponent;Loracle/bali/ewt/painter/PaintContext;)V+2
j  oracle.bali.ewt.olaf.OracleUIUtils.putPaintContext(Ljavax/swing/JComponent;)V+5
j  oracle.bali.ewt.olaf.OraclePanelUI.installUI(Ljavax/swing/JComponent;)V+76
j  javax.swing.JComponent.setUI(Ljavax/swing/plaf/ComponentUI;)V+135
j  javax.swing.JPanel.setUI(Ljavax/swing/plaf/PanelUI;)V+2
j  javax.swing.JPanel.updateUI()V+8
j  javax.swing.JPanel.<init>(Ljava/awt/LayoutManager;Z)V+24
j  javax.swing.JPanel.<init>(Z)V+9
j  javax.swing.JPanel.<init>()V+2
j  oracle.help.DefaultNavigatorPanel.<init>()V+1
j  oracle.help.Help._initHelpSystem(Ljava/lang/Class;Ljava/applet/AppletContext;Ljava/lang/String;ZZZZ)V+55
j  oracle.help.Help.<init>(ZZZ)V+59
j  oracle.help.Help.<init>(ZZ)V+4
j  oracle.help.Help.<init>()V+3
j  oracle.dfc.help.DevHelpManager.<init>(Ljava/lang/String;Ljava/lang/String;IZ)V+98
j  oracle.dfc.help.DevHelpManager.<init>(Ljava/lang/String;IZ)V+5
j  oracle.dfc.help.DevHelpManager.<init>(Ljava/lang/String;I)V+4
v  ~StubRoutines::call_stub

---------------  P R O C E S S  ---------------

Java Threads: ( => current thread )
  0x0000000010450000 JavaThread "AWT-Windows" daemon [_thread_in_native, id=6648, stack(0x0000000011100000,0x0000000011200000)]
  0x000000001044a800 JavaThread "Java2D Disposer" daemon [_thread_blocked, id=18440, stack(0x0000000010250000,0x0000000010350000)]
  0x000000000e65c800 JavaThread "Low Memory Detector" daemon [_thread_blocked, id=17528, stack(0x000000000f7d0000,0x000000000f8d0000)]
  0x000000000e647000 JavaThread "C2 CompilerThread1" daemon [_thread_blocked, id=18456, stack(0x000000000f6d0000,0x000000000f7d0000)]
  0x000000000e640800 JavaThread "C2 CompilerThread0" daemon [_thread_blocked, id=17908, stack(0x000000000f5d0000,0x000000000f6d0000)]
  0x000000000e63b000 JavaThread "Attach Listener" daemon [_thread_blocked, id=18628, stack(0x000000000f4d0000,0x000000000f5d0000)]
  0x000000000e63a000 JavaThread "Signal Dispatcher" daemon [_thread_blocked, id=7276, stack(0x000000000f3d0000,0x000000000f4d0000)]
  0x000000000e5d4800 JavaThread "Finalizer" daemon [_thread_blocked, id=13788, stack(0x000000000f2d0000,0x000000000f3d0000)]
  0x000000000e5d1800 JavaThread "Reference Handler" daemon [_thread_blocked, id=17440, stack(0x000000000f1d0000,0x000000000f2d0000)]
=>0x0000000002669800 JavaThread "main" [_thread_in_Java, id=18436, stack(0x0000000000050000,0x0000000000150000)]

Other Threads:
  0x000000000e5bd800 VMThread [stack: 0x000000000f0d0000,0x000000000f1d0000] [id=14152]
  0x000000000e665800 WatcherThread [stack: 0x000000000f8d0000,0x000000000f9d0000] [id=11056]

VM state:not at safepoint (normal execution)

VM Mutex/Monitor currently owned by a thread: None

Heap
 PSYoungGen      total 76480K, used 56429K [0x00000007aaab0000, 0x00000007b0000000, 0x0000000800000000)
  eden space 65600K, 86% used [0x00000007aaab0000,0x00000007ae1cb498,0x00000007aeac0000)
  from space 10880K, 0% used [0x00000007af560000,0x00000007af560000,0x00000007b0000000)
  to   space 10880K, 0% used [0x00000007aeac0000,0x00000007aeac0000,0x00000007af560000)
 PSOldGen        total 174784K, used 0K [0x0000000700000000, 0x000000070aab0000, 0x00000007aaab0000)
  object space 174784K, 0% used [0x0000000700000000,0x0000000700000000,0x000000070aab0000)
 PSPermGen       total 21248K, used 8785K [0x00000006fae00000, 0x00000006fc2c0000, 0x0000000700000000)
  object space 21248K, 41% used [0x00000006fae00000,0x00000006fb694470,0x00000006fc2c0000)

Code Cache  [0x0000000009ec0000, 0x000000000a130000, 0x000000000cec0000)
 total_blobs=291 nmethods=8 adapters=237 free_code_cache=49872384 largest_free_block=4032

Dynamic libraries:
0x0000000000400000 - 0x00000000007de000 	D:\Oracle\Middleware\Oracle_FRHome1\BIN\frmbld.exe
0x00007ffe461b0000 - 0x00007ffe4637f000 	C:\Windows\SYSTEM32\ntdll.dll
0x00007ffe45df0000 - 0x00007ffe45e9d000 	C:\Windows\System32\KERNEL32.DLL
0x00007ffe42680000 - 0x00007ffe4289e000 	C:\Windows\System32\KERNELBASE.dll
0x00007ffe40c60000 - 0x00007ffe40cda000 	C:\Windows\system32\apphelp.dll
0x00007ffe29710000 - 0x00007ffe29b92000 	C:\Windows\AppPatch\AppPatch64\AcLayers.DLL
0x00007ffe459d0000 - 0x00007ffe45a6e000 	C:\Windows\System32\msvcrt.dll
0x00007ffe45f20000 - 0x00007ffe46086000 	C:\Windows\System32\USER32.dll
0x00007ffe42f80000 - 0x00007ffe42f9e000 	C:\Windows\System32\win32u.dll
0x00007ffe45910000 - 0x00007ffe45944000 	C:\Windows\System32\GDI32.dll
0x00007ffe43510000 - 0x00007ffe43694000 	C:\Windows\System32\gdi32full.dll
0x00007ffe45880000 - 0x00007ffe458d2000 	C:\Windows\System32\SHLWAPI.dll
0x00007ffe43eb0000 - 0x00007ffe44176000 	C:\Windows\System32\combase.dll
0x00007ffe430a0000 - 0x00007ffe43194000 	C:\Windows\System32\ucrtbase.dll
0x00007ffe45cd0000 - 0x00007ffe45ded000 	C:\Windows\System32\RPCRT4.dll
0x00007ffe431a0000 - 0x00007ffe4320c000 	C:\Windows\System32\bcryptPrimitives.dll
0x0000000180000000 - 0x0000000180003000 	C:\Windows\SYSTEM32\sfc.dll
0x00007ffe3bb80000 - 0x00007ffe3bc07000 	C:\Windows\SYSTEM32\WINSPOOL.DRV
0x00007ffe42540000 - 0x00007ffe4256b000 	C:\Windows\SYSTEM32\bcrypt.dll
0x00007ffe33540000 - 0x00007ffe33551000 	C:\Windows\SYSTEM32\sfc_os.DLL
0x00007ffe38a20000 - 0x00007ffe38a31000 	C:\Windows\SYSTEM32\SortWindows61.dll
0x00007ffe458e0000 - 0x00007ffe4590e000 	C:\Windows\System32\IMM32.DLL
0x00007ffe45740000 - 0x00007ffe45879000 	C:\Windows\System32\ole32.dll
0x00000000669f0000 - 0x0000000066a65000 	D:\Oracle\Middleware\Oracle_FRHome1\BIN\CA.dll
0x0000000010000000 - 0x000000001014b000 	D:\Oracle\Middleware\Oracle_FRHome1\BIN\oracore11.dll
0x0000000066070000 - 0x000000006609b000 	D:\Oracle\Middleware\Oracle_FRHome1\BIN\mmc.dll
0x00007ffe43df0000 - 0x00007ffe43e4b000 	C:\Windows\System32\sechost.dll
0x00007ffe46090000 - 0x00007ffe46150000 	C:\Windows\System32\OLEAUT32.dll
0x00007ffe43270000 - 0x00007ffe4330c000 	C:\Windows\System32\msvcp_win.dll
0x00007ffe44180000 - 0x00007ffe44226000 	C:\Windows\System32\ADVAPI32.dll
0x0000000066030000 - 0x0000000066065000 	D:\Oracle\Middleware\Oracle_FRHome1\BIN\mmi.dll
0x00007ffe45950000 - 0x00007ffe459ba000 	C:\Windows\System32\WS2_32.dll
0x0000000065fa0000 - 0x0000000065fcf000 	D:\Oracle\Middleware\Oracle_FRHome1\BIN\mmw.dll
0x00007ffe43750000 - 0x00007ffe43758000 	C:\Windows\System32\PSAPI.DLL
0x0000000002700000 - 0x0000000002800000 	D:\Oracle\Middleware\Oracle_FRHome1\BIN\oranls11.dll
0x0000000065f70000 - 0x0000000065f92000 	D:\Oracle\Middleware\Oracle_FRHome1\BIN\nn.dll
0x0000000002800000 - 0x0000000002a31000 	D:\Oracle\Middleware\Oracle_FRHome1\BIN\oracommon11.dll
0x0000000002a40000 - 0x000000000378a000 	D:\Oracle\Middleware\Oracle_FRHome1\BIN\orageneric11.dll
0x0000000003790000 - 0x00000000037f8000 	D:\Oracle\Middleware\Oracle_FRHome1\BIN\orasql11.dll
0x0000000065220000 - 0x0000000065247000 	D:\Oracle\Middleware\Oracle_FRHome1\BIN\UIDC.dll
0x0000000065120000 - 0x00000000651c1000 	D:\Oracle\Middleware\Oracle_FRHome1\BIN\UIREM.dll
0x0000000003800000 - 0x0000000003945000 	D:\Oracle\Middleware\Oracle_FRHome1\BIN\UIW.dll
0x00007ffe44230000 - 0x00007ffe45735000 	C:\Windows\System32\SHELL32.dll
0x0000000065200000 - 0x000000006521c000 	D:\Oracle\Middleware\Oracle_FRHome1\BIN\UIIM.dll
0x00007ffe42fa0000 - 0x00007ffe42fe2000 	C:\Windows\System32\cfgmgr32.dll
0x00007ffe428a0000 - 0x00007ffe42f73000 	C:\Windows\System32\windows.storage.dll
0x00000000652f0000 - 0x0000000065311000 	D:\Oracle\Middleware\Oracle_FRHome1\BIN\UAT.dll
0x00007ffe42630000 - 0x00007ffe4267c000 	C:\Windows\System32\powrprof.dll
0x00007ffe425f0000 - 0x00007ffe425ff000 	C:\Windows\System32\kernel.appcore.dll
0x0000000000ac0000 - 0x0000000000aca000 	D:\Oracle\Middleware\Oracle_FRHome1\BIN\UTC.dll
0x00007ffe43760000 - 0x00007ffe4385a000 	C:\Windows\System32\comdlg32.dll
0x00007ffe436a0000 - 0x00007ffe43748000 	C:\Windows\System32\shcore.dll
0x00007ffe42600000 - 0x00007ffe42614000 	C:\Windows\System32\profapi.dll
0x0000000000ad0000 - 0x0000000000ade000 	D:\Oracle\Middleware\Oracle_FRHome1\BIN\UTJ.dll
0x0000000000ae0000 - 0x0000000000af9000 	D:\Oracle\Middleware\Oracle_FRHome1\BIN\UTL.dll
0x00007ffe45a70000 - 0x00007ffe45a8c000 	C:\Windows\System32\imagehlp.dll
0x0000000064e30000 - 0x0000000064f6a000 	D:\Oracle\Middleware\Oracle_FRHome1\BIN\VGS.dll
0x0000000003950000 - 0x0000000003955000 	D:\Oracle\Middleware\Oracle_FRHome1\BIN\obs.dll
0x00000000669e0000 - 0x00000000669e6000 	D:\Oracle\Middleware\Oracle_FRHome1\BIN\D2SC.dll
0x0000000003c40000 - 0x0000000003c45000 	D:\Oracle\Middleware\Oracle_FRHome1\BIN\dfc.dll
0x0000000003960000 - 0x0000000003c3d000 	D:\Oracle\Middleware\Oracle_FRHome1\BIN\DE.dll
0x00000000652b0000 - 0x00000000652e7000 	D:\Oracle\Middleware\Oracle_FRHome1\BIN\UCOL.dll
0x00000000660b0000 - 0x00000000660bf000 	D:\Oracle\Middleware\Oracle_FRHome1\BIN\mma.dll
0x0000000066000000 - 0x0000000066021000 	D:\Oracle\Middleware\Oracle_FRHome1\BIN\mms.dll
0x0000000003c50000 - 0x0000000004077000 	D:\Oracle\Middleware\Oracle_FRHome1\BIN\oraclient11.dll
0x0000000065270000 - 0x00000000652a7000 	D:\Oracle\Middleware\Oracle_FRHome1\BIN\UIA.dll
0x0000000065f00000 - 0x0000000065f57000 	D:\Oracle\Middleware\Oracle_FRHome1\BIN\ROS.dll
0x00007ffe34290000 - 0x00007ffe34299000 	C:\Windows\SYSTEM32\WSOCK32.dll
0x0000000004080000 - 0x0000000004087000 	D:\Oracle\Middleware\Oracle_FRHome1\BIN\orauts.dll
0x00007ffe405b0000 - 0x00007ffe405d3000 	C:\Windows\SYSTEM32\WINMM.dll
0x0000000004090000 - 0x00000000040ad000 	D:\Oracle\Middleware\Oracle_FRHome1\BIN\oraunls11.dll
0x0000000065fe0000 - 0x0000000065fea000 	D:\Oracle\Middleware\Oracle_FRHome1\BIN\mmv.dll
0x00000000040b0000 - 0x00000000040e5000 	D:\Oracle\Middleware\Oracle_FRHome1\BIN\uiole.dll
0x00000000040f0000 - 0x00000000045e9000 	D:\Oracle\Middleware\Oracle_FRHome1\BIN\orapls11.dll
0x00000000045f0000 - 0x000000000462b000 	D:\Oracle\Middleware\Oracle_FRHome1\BIN\orasnls11.dll
0x0000000004ad0000 - 0x0000000004db0000 	D:\Oracle\Middleware\Oracle_FRHome1\BIN\oraxml11.dll
0x0000000004630000 - 0x0000000004ac8000 	D:\Oracle\Middleware\Oracle_FRHome1\BIN\oran11.dll
0x0000000004db0000 - 0x0000000004dd1000 	D:\Oracle\Middleware\Oracle_FRHome1\BIN\orancrypt11.dll
0x0000000004de0000 - 0x0000000004e15000 	D:\Oracle\Middleware\Oracle_FRHome1\BIN\orantcp11.dll
0x0000000004e20000 - 0x0000000004e96000 	D:\Oracle\Middleware\Oracle_FRHome1\BIN\oranl11.dll
0x00007ffe3d150000 - 0x00007ffe3d1fc000 	C:\Windows\WinSxS\amd64_microsoft.windows.common-controls_6595b64144ccf1df_5.82.14393.2457_none_a13eaee9d8fd5c07\COMCTL32.dll
0x0000000004f50000 - 0x0000000005166000 	D:\Oracle\Middleware\Oracle_FRHome1\BIN\orannzsbb11.dll
0x00000000051f0000 - 0x0000000005276000 	D:\Oracle\Middleware\Oracle_FRHome1\BIN\orahasgen11.dll
0x0000000005170000 - 0x00000000051ee000 	D:\Oracle\Middleware\Oracle_FRHome1\BIN\oraocr11.dll
0x0000000005280000 - 0x000000000548d000 	D:\Oracle\Middleware\Oracle_FRHome1\BIN\orazt11.dll
0x0000000005490000 - 0x0000000005560000 	D:\Oracle\Middleware\Oracle_FRHome1\BIN\libmmd.dll
0x0000000005560000 - 0x000000000598e000 	D:\Oracle\Middleware\Oracle_FRHome1\BIN\oraplp11.dll
0x0000000005990000 - 0x00000000059ac000 	D:\Oracle\Middleware\Oracle_FRHome1\BIN\oraplc11.dll
0x0000000065250000 - 0x000000006526e000 	D:\Oracle\Middleware\Oracle_FRHome1\BIN\UICC.dll
0x00000000059b0000 - 0x00000000059b7000 	D:\Oracle\Middleware\Oracle_FRHome1\BIN\oravsn11.dll
0x00000000059c0000 - 0x0000000005bd8000 	D:\Oracle\Middleware\Oracle_FRHome1\BIN\oraldapclnt11.dll
0x0000000005be0000 - 0x0000000005c3a000 	D:\Oracle\Middleware\Oracle_FRHome1\BIN\oranro11.dll
0x0000000005c40000 - 0x0000000005c6b000 	C:\Windows\SYSTEM32\WINMMBASE.dll
0x00007ffe27a80000 - 0x00007ffe27aa0000 	C:\Windows\SYSTEM32\AVIFIL32.dll
0x0000000005c70000 - 0x0000000005cc2000 	D:\Oracle\Middleware\Oracle_FRHome1\BIN\oranldap11.dll
0x0000000005cd0000 - 0x0000000005cdc000 	D:\Oracle\Middleware\Oracle_FRHome1\BIN\oranhost11.dll
0x0000000005ce0000 - 0x0000000005ce7000 	D:\Oracle\Middleware\Oracle_FRHome1\BIN\orancds11.dll
0x0000000005cf0000 - 0x0000000005cff000 	D:\Oracle\Middleware\Oracle_FRHome1\BIN\orantns11.dll
0x0000000005d00000 - 0x0000000005dad000 	D:\Oracle\Middleware\Oracle_FRHome1\BIN\oraztkg11.dll
0x00007ffe3b430000 - 0x00007ffe3b448000 	C:\Windows\SYSTEM32\msvcirt.dll
0x0000000005db0000 - 0x0000000005dbc000 	D:\Oracle\Middleware\Oracle_FRHome1\BIN\oraslax11.dll
0x0000000004ea0000 - 0x0000000004f08000 	D:\Oracle\Middleware\Oracle_FRHome1\BIN\oraocrb11.dll
0x00007ffe38930000 - 0x00007ffe38949000 	C:\Windows\SYSTEM32\NETAPI32.dll
0x00007ffe41bf0000 - 0x00007ffe41c28000 	C:\Windows\SYSTEM32\iphlpapi.dll
0x00007ffe3f540000 - 0x00007ffe3f54c000 	C:\Windows\SYSTEM32\Secur32.dll
0x00007ffe27550000 - 0x00007ffe2756c000 	C:\Windows\SYSTEM32\MSACM32.dll
0x00007ffe27590000 - 0x00007ffe275b9000 	C:\Windows\SYSTEM32\MSVFW32.dll
0x00007ffe3fc90000 - 0x00007ffe3fca9000 	C:\Windows\SYSTEM32\SAMCLI.DLL
0x00007ffe42260000 - 0x00007ffe4228c000 	C:\Windows\SYSTEM32\SSPICLI.DLL
0x00007ffe41c30000 - 0x00007ffe41c3d000 	C:\Windows\SYSTEM32\NETUTILS.DLL
0x00007ffe41d10000 - 0x00007ffe41d50000 	C:\Windows\SYSTEM32\LOGONCLI.DLL
0x00007ffe357f0000 - 0x00007ffe359f2000 	C:\Windows\system32\tmumh\20019\AddOn\8.55.0.1288\TmUmEvt64.dll
0x00000000753f0000 - 0x0000000075587000 	C:\Windows\system32\tmumh\20019\TmMon\2.9.0.1084\tmmon64.dll
0x00007ffe40e70000 - 0x00007ffe40f05000 	C:\Windows\system32\uxtheme.dll
0x00007ffe43c90000 - 0x00007ffe43deb000 	C:\Windows\System32\MSCTF.dll
0x00007ffe400b0000 - 0x00007ffe400d6000 	C:\Windows\system32\dwmapi.dll
0x00007ffe424d0000 - 0x00007ffe42526000 	C:\Windows\SYSTEM32\WINSTA.dll
0x00007ffe45c30000 - 0x00007ffe45ccf000 	C:\Windows\System32\clbcatq.dll
0x00007ffe27310000 - 0x00007ffe27359000 	C:\Windows\system32\dataexchange.dll
0x00007ffe3ce50000 - 0x00007ffe3d106000 	C:\Windows\system32\d3d11.dll
0x00007ffe40860000 - 0x00007ffe409b1000 	C:\Windows\system32\dcomp.dll
0x00007ffe416d0000 - 0x00007ffe4176f000 	C:\Windows\system32\dxgi.dll
0x00007ffe41120000 - 0x00007ffe41233000 	C:\Windows\system32\twinapi.appcore.dll
0x00007ffe27360000 - 0x00007ffe273cf000 	C:\Windows\SYSTEM32\MMDevAPI.DLL
0x00007ffe412a0000 - 0x00007ffe412c8000 	C:\Windows\SYSTEM32\DEVOBJ.dll
0x00007ffe3eef0000 - 0x00007ffe3f075000 	C:\Windows\SYSTEM32\PROPSYS.dll
0x000000006d8b0000 - 0x000000006e069000 	D:\Oracle\Middleware\Oracle_FRHome1\jdk\jre\bin\server\jvm.dll
0x000000006d820000 - 0x000000006d82e000 	D:\Oracle\Middleware\Oracle_FRHome1\jdk\jre\bin\verify.dll

VM Arguments:
jvm_args: -Dsun.java2d.noddraw=true -Xnohup -Xbootclasspath/p:D:\Oracle\Middleware\Oracle_FRHome1\vbroker4\lib\vbjboot.jar 
java_command: <unknown>
Launcher Type: generic

Environment Variables:
PATH=D:\Oracle\Middleware\Oracle_FRHome1\bin;C:\oraclexe\app\oracle\product\11.2.0\server\bin;C:\orant\bin;C:\Windows\system32;C:\Windows;C:\Windows\System32\Wbem;C:\Windows\System32\WindowsPowerShell\v1.0\;D:\Oracle\Middleware\Oracle_FRHome1\opmn\bin;D:\Oracle\Middleware\Oracle_FRHome1\opmn\lib;D:\Oracle\Middleware\Oracle_FRHome1\perl\bin;C:\instantclient_19_12;C:\Users\Administrator\AppData\Local\Microsoft\WindowsApps;
USERNAME=Administrator
LD_LIBRARY_PATH=D:\Oracle\Middleware\Oracle_FRHome1\lib
OS=Windows_NT
PROCESSOR_IDENTIFIER=Intel64 Family 6 Model 63 Stepping 2, GenuineIntel



---------------  S Y S T E M  ---------------

OS: Windows NT 6.1 , 64 bit Build 7600 

CPU:total 8 (2 cores per cpu, 1 threads per core) family 6 model 63 stepping 2, cmov, cx8, fxsr, mmx, sse, sse2, sse3, ssse3, sse4.1, sse4.2, popcnt

Memory: 4k page, physical 16776164k(6881116k free), swap 21545404k(4435540k free)

vm_info: Java HotSpot(TM) 64-Bit Server VM (20.10-b01) for windows-amd64 JRE (1.6.0_35-b10), built on Aug 28 2012 16:50:10 by "java_re" with MS VC++ 8.0 (VS2005)

time: Thu Nov 21 18:26:12 2024
elapsed time: 91090 seconds

