#
# A fatal error has been detected by the Java Runtime Environment:
#
#  EXCEPTION_ACCESS_VIOLATION (0xc0000005) at pc=0x00007ffc2c3b9932, pid=4300, tid=404
#
# JRE version: 6.0_35-b10
# Java VM: Java HotSpot(TM) 64-Bit Server VM (20.10-b01 mixed mode windows-amd64 compressed oops)
# Problematic frame:
# C  [ntdll.dll+0xa9932]
#
# If you would like to submit a bug report, please visit:
#   http://java.sun.com/webapps/bugreport/crash.jsp
#

---------------  T H R E A D  ---------------

Current thread (0x00000000062c9800):  JavaThread "main" [_thread_in_Java, id=404, stack(0x0000000000050000,0x0000000000150000)]

siginfo: ExceptionCode=0xc0000005, reading address 0xffffffffffffffff

Registers:
RAX=0x0000000000131001, RBX=0x0000000000000000, RCX=0x0000000000143a48, RDX=0x0000000000143960
RSP=0x00000000001438e8, RBP=0x00007ffc0e8f3e50, RSI=0x0000000000000023, RDI=0x0000000000000003
R8 =0x000000000030b000, R9 =0x00000000001438f0, R10=0x0000000000000000, R11=0x00007ffc2ae34157
R12=0x0000000000000050, R13=0x0000000000000000, R14=0x00007ffc0e8f3e50, R15=0x0000000000000000
RIP=0x00007ffc2c3b9932, EFLAGS=0x0000000000010202

Top of Stack: (sp=0x00000000001438e8)
0x00000000001438e8:   0000000000000202 00007ffc2c3423de
0x00000000001438f8:   0000000000000540 0000000000000000
0x0000000000143908:   00007ffc2add0000 00000000062c9800
0x0000000000143918:   0000000000000000 00000000106decc0
0x0000000000143928:   0000000000000510 0000000006291300
0x0000000000143938:   00007ffc2add9e50 0000000000000510
0x0000000000143948:   0000000006291300 0000000000131000
0x0000000000143958:   000000000000000a 0000000000150000
0x0000000000143968:   000000006daa2996 000000031087b410
0x0000000000143978:   0000000006291300 0000000010d0a3a8
0x0000000000143988:   0000000000000050 0000000010d0a3a8
0x0000000000143998:   000000006da90177 0000000000000001
0x00000000001439a8:   0000000000000002 000000001087b410
0x00000000001439b8:   0000000000000023 0000000000000000
0x00000000001439c8:   0000000000143bd0 0000000000143c00
0x00000000001439d8:   0000000009470000 00007ffc0e8f3e50 

Instructions: (pc=0x00007ffc2c3b9932)
0x00007ffc2c3b9912:   cc cc cc cc 66 66 0f 1f 84 00 00 00 00 00 48 9c
0x00007ffc2c3b9922:   d9 b9 00 01 00 00 c7 81 02 01 00 00 00 00 00 00
0x00007ffc2c3b9932:   0f 29 b1 00 02 00 00 0f 29 b9 10 02 00 00 44 0f
0x00007ffc2c3b9942:   29 81 20 02 00 00 44 0f 29 89 30 02 00 00 44 0f 


Register to memory mapping:

RAX=0x0000000000131001 is pointing into the stack for thread: 0x00000000062c9800
RBX=0x0000000000000000 is an unknown value
RCX=0x0000000000143a48 is pointing into the stack for thread: 0x00000000062c9800
RDX=0x0000000000143960 is pointing into the stack for thread: 0x00000000062c9800
RSP=0x00000000001438e8 is pointing into the stack for thread: 0x00000000062c9800
RBP=0x00007ffc0e8f3e50 is an unknown value
RSI=0x0000000000000023 is an unknown value
RDI=0x0000000000000003 is an unknown value
R8 =0x000000000030b000 is an unknown value
R9 =0x00000000001438f0 is pointing into the stack for thread: 0x00000000062c9800
R10=0x0000000000000000 is an unknown value
R11=0x00007ffc2ae34157 is an unknown value
R12=0x0000000000000050 is an unknown value
R13=0x0000000000000000 is an unknown value
R14=0x00007ffc0e8f3e50 is an unknown value
R15=0x0000000000000000 is an unknown value


Stack: [0x0000000000050000,0x0000000000150000],  sp=0x00000000001438e8,  free space=974k
Native frames: (J=compiled Java code, j=interpreted, Vv=VM code, C=native code)
C  [ntdll.dll+0xa9932]  KiRaiseUserExceptionDispatcher+0x72

Java frames: (J=compiled Java code, j=interpreted, Vv=VM code)
v  blob 0x00000000094a707f
j  java.util.jar.Attributes.putValue(Ljava/lang/String;Ljava/lang/String;)Ljava/lang/String;+13
j  java.util.jar.Attributes.read(Ljava/util/jar/Manifest$FastInputStream;[B)V+301
j  java.util.jar.Manifest.read(Ljava/io/InputStream;)V+291
j  sun.security.util.SignatureFileVerifier.processImpl(Ljava/util/Hashtable;Ljava/util/List;)V+20
j  sun.security.util.SignatureFileVerifier.process(Ljava/util/Hashtable;Ljava/util/List;)V+9
j  java.util.jar.JarVerifier.processEntry(Lsun/security/util/ManifestEntryVerifier;)V+387
j  java.util.jar.JarVerifier.update(I[BIILsun/security/util/ManifestEntryVerifier;)V+39
j  java.util.jar.JarFile.initializeVerifier()V+107
j  java.util.jar.JarFile.getInputStream(Ljava/util/zip/ZipEntry;)Ljava/io/InputStream;+25
j  sun.misc.URLClassPath$JarLoader$2.getInputStream()Ljava/io/InputStream;+11
j  sun.misc.Resource.cachedInputStream()Ljava/io/InputStream;+9
j  sun.misc.Resource.getByteBuffer()Ljava/nio/ByteBuffer;+1
j  java.net.URLClassLoader.defineClass(Ljava/lang/String;Lsun/misc/Resource;Z)Ljava/lang/Class;+182
j  java.net.URLClassLoader.access$000(Ljava/net/URLClassLoader;Ljava/lang/String;Lsun/misc/Resource;Z)Ljava/lang/Class;+4
j  java.net.URLClassLoader$1.run()Ljava/lang/Object;+44
v  ~StubRoutines::call_stub
j  java.security.AccessController.doPrivileged(Ljava/security/PrivilegedExceptionAction;Ljava/security/AccessControlContext;)Ljava/lang/Object;+0
j  java.net.URLClassLoader.findClass(Ljava/lang/String;)Ljava/lang/Class;+13
j  java.lang.ClassLoader.loadClass(Ljava/lang/String;Z)Ljava/lang/Class;+47
j  sun.misc.Launcher$AppClassLoader.loadClass(Ljava/lang/String;Z)Ljava/lang/Class;+41
j  java.lang.ClassLoader.loadClass(Ljava/lang/String;)Ljava/lang/Class;+3
v  ~StubRoutines::call_stub
j  java.lang.ClassLoader.defineClass1(Ljava/lang/String;[BIILjava/security/ProtectionDomain;Ljava/lang/String;Z)Ljava/lang/Class;+0
j  java.lang.ClassLoader.defineClassCond(Ljava/lang/String;[BIILjava/security/ProtectionDomain;Z)Ljava/lang/Class;+32
j  java.lang.ClassLoader.defineClass(Ljava/lang/String;[BIILjava/security/ProtectionDomain;)Ljava/lang/Class;+9
j  java.security.SecureClassLoader.defineClass(Ljava/lang/String;[BIILjava/security/CodeSource;)Ljava/lang/Class;+27
j  java.net.URLClassLoader.defineClass(Ljava/lang/String;Lsun/misc/Resource;Z)Ljava/lang/Class;+369
j  java.net.URLClassLoader.access$000(Ljava/net/URLClassLoader;Ljava/lang/String;Lsun/misc/Resource;Z)Ljava/lang/Class;+4
j  java.net.URLClassLoader$1.run()Ljava/lang/Object;+44
v  ~StubRoutines::call_stub
j  java.security.AccessController.doPrivileged(Ljava/security/PrivilegedExceptionAction;Ljava/security/AccessControlContext;)Ljava/lang/Object;+0
j  java.net.URLClassLoader.findClass(Ljava/lang/String;)Ljava/lang/Class;+13
j  java.lang.ClassLoader.loadClass(Ljava/lang/String;Z)Ljava/lang/Class;+47
j  sun.misc.Launcher$AppClassLoader.loadClass(Ljava/lang/String;Z)Ljava/lang/Class;+41
j  java.lang.ClassLoader.loadClass(Ljava/lang/String;)Ljava/lang/Class;+3
v  ~StubRoutines::call_stub
j  java.lang.ClassLoader.defineClass1(Ljava/lang/String;[BIILjava/security/ProtectionDomain;Ljava/lang/String;Z)Ljava/lang/Class;+0
j  java.lang.ClassLoader.defineClassCond(Ljava/lang/String;[BIILjava/security/ProtectionDomain;Z)Ljava/lang/Class;+32
j  java.lang.ClassLoader.defineClass(Ljava/lang/String;[BIILjava/security/ProtectionDomain;)Ljava/lang/Class;+9
j  java.security.SecureClassLoader.defineClass(Ljava/lang/String;[BIILjava/security/CodeSource;)Ljava/lang/Class;+27
j  java.net.URLClassLoader.defineClass(Ljava/lang/String;Lsun/misc/Resource;Z)Ljava/lang/Class;+369
j  java.net.URLClassLoader.access$000(Ljava/net/URLClassLoader;Ljava/lang/String;Lsun/misc/Resource;Z)Ljava/lang/Class;+4
j  java.net.URLClassLoader$1.run()Ljava/lang/Object;+44
v  ~StubRoutines::call_stub
j  java.security.AccessController.doPrivileged(Ljava/security/PrivilegedExceptionAction;Ljava/security/AccessControlContext;)Ljava/lang/Object;+0
j  java.net.URLClassLoader.findClass(Ljava/lang/String;)Ljava/lang/Class;+13
j  java.lang.ClassLoader.loadClass(Ljava/lang/String;Z)Ljava/lang/Class;+47
j  sun.misc.Launcher$AppClassLoader.loadClass(Ljava/lang/String;Z)Ljava/lang/Class;+41
j  java.lang.ClassLoader.loadClass(Ljava/lang/String;)Ljava/lang/Class;+3
v  ~StubRoutines::call_stub

---------------  P R O C E S S  ---------------

Java Threads: ( => current thread )
  0x000000001070a000 JavaThread "AWT-Shutdown" [_thread_blocked, id=1740, stack(0x00000000136f0000,0x00000000137f0000)]
  0x000000001070e800 JavaThread "AWT-Windows" daemon [_thread_in_native, id=10032, stack(0x00000000113a0000,0x00000000114a0000)]
  0x0000000010709000 JavaThread "Java2D Disposer" daemon [_thread_blocked, id=9812, stack(0x0000000010550000,0x0000000010650000)]
  0x000000000e952800 JavaThread "Low Memory Detector" daemon [_thread_blocked, id=1872, stack(0x000000000fad0000,0x000000000fbd0000)]
  0x000000000e947800 JavaThread "C2 CompilerThread1" daemon [_thread_blocked, id=10760, stack(0x000000000f9d0000,0x000000000fad0000)]
  0x000000000e940800 JavaThread "C2 CompilerThread0" daemon [_thread_blocked, id=10764, stack(0x000000000f8d0000,0x000000000f9d0000)]
  0x000000000e93b000 JavaThread "Attach Listener" daemon [_thread_blocked, id=6220, stack(0x000000000f7d0000,0x000000000f8d0000)]
  0x000000000e93a000 JavaThread "Signal Dispatcher" daemon [_thread_blocked, id=10832, stack(0x000000000f6d0000,0x000000000f7d0000)]
  0x000000000e8d4800 JavaThread "Finalizer" daemon [_thread_blocked, id=260, stack(0x000000000f5d0000,0x000000000f6d0000)]
  0x000000000e8d1800 JavaThread "Reference Handler" daemon [_thread_blocked, id=9540, stack(0x000000000f4d0000,0x000000000f5d0000)]
=>0x00000000062c9800 JavaThread "main" [_thread_in_Java, id=404, stack(0x0000000000050000,0x0000000000150000)]

Other Threads:
  0x000000000e8bd800 VMThread [stack: 0x000000000f3d0000,0x000000000f4d0000] [id=10956]
  0x000000000e965800 WatcherThread [stack: 0x000000000fbd0000,0x000000000fcd0000] [id=9876]

VM state:not at safepoint (normal execution)

VM Mutex/Monitor currently owned by a thread: None

Heap
 PSYoungGen      total 152896K, used 13107K [0x0000000755560000, 0x0000000760000000, 0x0000000800000000)
  eden space 131072K, 10% used [0x0000000755560000,0x000000075622ce80,0x000000075d560000)
  from space 21824K, 0% used [0x000000075eab0000,0x000000075eab0000,0x0000000760000000)
  to   space 21824K, 0% used [0x000000075d560000,0x000000075d560000,0x000000075eab0000)
 PSOldGen        total 349568K, used 0K [0x0000000600000000, 0x0000000615560000, 0x0000000755560000)
  object space 349568K, 0% used [0x0000000600000000,0x0000000600000000,0x0000000615560000)
 PSPermGen       total 21248K, used 9104K [0x00000005fae00000, 0x00000005fc2c0000, 0x0000000600000000)
  object space 21248K, 42% used [0x00000005fae00000,0x00000005fb6e40c8,0x00000005fc2c0000)

Code Cache  [0x0000000009470000, 0x00000000096e0000, 0x000000000c470000)
 total_blobs=361 nmethods=34 adapters=281 free_code_cache=49795840 largest_free_block=18624

Dynamic libraries:
0x0000000000400000 - 0x00000000007de000 	D:\Oracle\Middleware\Oracle_FRHome1\BIN\frmbld.exe
0x00007ffc2c310000 - 0x00007ffc2c4df000 	C:\Windows\SYSTEM32\ntdll.dll
0x00007ffc2beb0000 - 0x00007ffc2bf5d000 	C:\Windows\System32\KERNEL32.DLL
0x00007ffc29690000 - 0x00007ffc298ae000 	C:\Windows\System32\KERNELBASE.dll
0x00007ffc26d90000 - 0x00007ffc26e0a000 	C:\Windows\system32\apphelp.dll
0x00007ffc0e4c0000 - 0x00007ffc0e942000 	C:\Windows\AppPatch\AppPatch64\AcLayers.DLL
0x00007ffc2adc0000 - 0x00007ffc2ae5e000 	C:\Windows\System32\msvcrt.dll
0x00007ffc2b960000 - 0x00007ffc2bac6000 	C:\Windows\System32\USER32.dll
0x00007ffc28ae0000 - 0x00007ffc28afe000 	C:\Windows\System32\win32u.dll
0x00007ffc2ae60000 - 0x00007ffc2ae94000 	C:\Windows\System32\GDI32.dll
0x00007ffc291e0000 - 0x00007ffc29364000 	C:\Windows\System32\gdi32full.dll
0x00007ffc2c2b0000 - 0x00007ffc2c302000 	C:\Windows\System32\SHLWAPI.dll
0x00007ffc2b450000 - 0x00007ffc2b716000 	C:\Windows\System32\combase.dll
0x00007ffc29520000 - 0x00007ffc29614000 	C:\Windows\System32\ucrtbase.dll
0x00007ffc2c0c0000 - 0x00007ffc2c1dd000 	C:\Windows\System32\RPCRT4.dll
0x00007ffc29620000 - 0x00007ffc2968c000 	C:\Windows\System32\bcryptPrimitives.dll
0x0000000180000000 - 0x0000000180003000 	C:\Windows\SYSTEM32\sfc.dll
0x00007ffc21920000 - 0x00007ffc219a7000 	C:\Windows\SYSTEM32\WINSPOOL.DRV
0x00007ffc286a0000 - 0x00007ffc286cb000 	C:\Windows\SYSTEM32\bcrypt.dll
0x00007ffc25990000 - 0x00007ffc259a1000 	C:\Windows\SYSTEM32\sfc_os.DLL
0x00007ffc21200000 - 0x00007ffc21211000 	C:\Windows\SYSTEM32\SortWindows61.dll
0x00007ffc2c280000 - 0x00007ffc2c2ae000 	C:\Windows\System32\IMM32.DLL
0x00000000669f0000 - 0x0000000066a65000 	D:\Oracle\Middleware\Oracle_FRHome1\BIN\CA.dll
0x00007ffc2bbb0000 - 0x00007ffc2bce9000 	C:\Windows\System32\ole32.dll
0x0000000010000000 - 0x000000001014b000 	D:\Oracle\Middleware\Oracle_FRHome1\BIN\oracore11.dll
0x0000000066070000 - 0x000000006609b000 	D:\Oracle\Middleware\Oracle_FRHome1\BIN\mmc.dll
0x00007ffc2b340000 - 0x00007ffc2b39b000 	C:\Windows\System32\sechost.dll
0x0000000066030000 - 0x0000000066065000 	D:\Oracle\Middleware\Oracle_FRHome1\BIN\mmi.dll
0x00007ffc2aea0000 - 0x00007ffc2af0a000 	C:\Windows\System32\WS2_32.dll
0x0000000065fa0000 - 0x0000000065fcf000 	D:\Oracle\Middleware\Oracle_FRHome1\BIN\mmw.dll
0x00007ffc2b740000 - 0x00007ffc2b800000 	C:\Windows\System32\OLEAUT32.dll
0x0000000002700000 - 0x0000000002800000 	D:\Oracle\Middleware\Oracle_FRHome1\BIN\oranls11.dll
0x00007ffc2b3a0000 - 0x00007ffc2b446000 	C:\Windows\System32\ADVAPI32.dll
0x00007ffc28840000 - 0x00007ffc288dc000 	C:\Windows\System32\msvcp_win.dll
0x0000000065f70000 - 0x0000000065f92000 	D:\Oracle\Middleware\Oracle_FRHome1\BIN\nn.dll
0x00007ffc2b730000 - 0x00007ffc2b738000 	C:\Windows\System32\PSAPI.DLL
0x0000000002800000 - 0x0000000002a31000 	D:\Oracle\Middleware\Oracle_FRHome1\BIN\oracommon11.dll
0x0000000002a40000 - 0x000000000378a000 	D:\Oracle\Middleware\Oracle_FRHome1\BIN\orageneric11.dll
0x0000000003790000 - 0x00000000037f8000 	D:\Oracle\Middleware\Oracle_FRHome1\BIN\orasql11.dll
0x0000000065220000 - 0x0000000065247000 	D:\Oracle\Middleware\Oracle_FRHome1\BIN\UIDC.dll
0x0000000065120000 - 0x00000000651c1000 	D:\Oracle\Middleware\Oracle_FRHome1\BIN\UIREM.dll
0x00007ffc298b0000 - 0x00007ffc2adb5000 	C:\Windows\System32\SHELL32.dll
0x00007ffc29370000 - 0x00007ffc293b2000 	C:\Windows\System32\cfgmgr32.dll
0x0000000003800000 - 0x0000000003945000 	D:\Oracle\Middleware\Oracle_FRHome1\BIN\UIW.dll
0x00007ffc28b00000 - 0x00007ffc291d3000 	C:\Windows\System32\windows.storage.dll
0x00007ffc28750000 - 0x00007ffc2879c000 	C:\Windows\System32\powrprof.dll
0x00007ffc287c0000 - 0x00007ffc287cf000 	C:\Windows\System32\kernel.appcore.dll
0x0000000065200000 - 0x000000006521c000 	D:\Oracle\Middleware\Oracle_FRHome1\BIN\UIIM.dll
0x00007ffc29470000 - 0x00007ffc29518000 	C:\Windows\System32\shcore.dll
0x00000000652f0000 - 0x0000000065311000 	D:\Oracle\Middleware\Oracle_FRHome1\BIN\UAT.dll
0x00007ffc2bfc0000 - 0x00007ffc2c0ba000 	C:\Windows\System32\comdlg32.dll
0x00007ffc287a0000 - 0x00007ffc287b4000 	C:\Windows\System32\profapi.dll
0x00000000007e0000 - 0x00000000007ea000 	D:\Oracle\Middleware\Oracle_FRHome1\BIN\UTC.dll
0x00000000007f0000 - 0x00000000007fe000 	D:\Oracle\Middleware\Oracle_FRHome1\BIN\UTJ.dll
0x0000000000ad0000 - 0x0000000000ae9000 	D:\Oracle\Middleware\Oracle_FRHome1\BIN\UTL.dll
0x0000000064e30000 - 0x0000000064f6a000 	D:\Oracle\Middleware\Oracle_FRHome1\BIN\VGS.dll
0x0000000000af0000 - 0x0000000000af5000 	D:\Oracle\Middleware\Oracle_FRHome1\BIN\obs.dll
0x00000000669e0000 - 0x00000000669e6000 	D:\Oracle\Middleware\Oracle_FRHome1\BIN\D2SC.dll
0x0000000003950000 - 0x0000000003955000 	D:\Oracle\Middleware\Oracle_FRHome1\BIN\dfc.dll
0x0000000003960000 - 0x0000000003c3d000 	D:\Oracle\Middleware\Oracle_FRHome1\BIN\DE.dll
0x00000000652b0000 - 0x00000000652e7000 	D:\Oracle\Middleware\Oracle_FRHome1\BIN\UCOL.dll
0x00000000660b0000 - 0x00000000660bf000 	D:\Oracle\Middleware\Oracle_FRHome1\BIN\mma.dll
0x00007ffc2bcf0000 - 0x00007ffc2bd0c000 	C:\Windows\System32\imagehlp.dll
0x0000000066000000 - 0x0000000066021000 	D:\Oracle\Middleware\Oracle_FRHome1\BIN\mms.dll
0x0000000003c40000 - 0x0000000004067000 	D:\Oracle\Middleware\Oracle_FRHome1\BIN\oraclient11.dll
0x0000000065270000 - 0x00000000652a7000 	D:\Oracle\Middleware\Oracle_FRHome1\BIN\UIA.dll
0x0000000065f00000 - 0x0000000065f57000 	D:\Oracle\Middleware\Oracle_FRHome1\BIN\ROS.dll
0x00007ffc1f9d0000 - 0x00007ffc1f9d9000 	C:\Windows\SYSTEM32\WSOCK32.dll
0x0000000004070000 - 0x0000000004077000 	D:\Oracle\Middleware\Oracle_FRHome1\BIN\orauts.dll
0x0000000065fe0000 - 0x0000000065fea000 	D:\Oracle\Middleware\Oracle_FRHome1\BIN\mmv.dll
0x00007ffc26af0000 - 0x00007ffc26b13000 	C:\Windows\SYSTEM32\WINMM.dll
0x0000000004080000 - 0x000000000409d000 	D:\Oracle\Middleware\Oracle_FRHome1\BIN\oraunls11.dll
0x00000000040a0000 - 0x00000000040d5000 	D:\Oracle\Middleware\Oracle_FRHome1\BIN\uiole.dll
0x00000000040e0000 - 0x00000000045d9000 	D:\Oracle\Middleware\Oracle_FRHome1\BIN\orapls11.dll
0x00000000045e0000 - 0x000000000461b000 	D:\Oracle\Middleware\Oracle_FRHome1\BIN\orasnls11.dll
0x0000000004620000 - 0x0000000004900000 	D:\Oracle\Middleware\Oracle_FRHome1\BIN\oraxml11.dll
0x0000000004900000 - 0x0000000004d98000 	D:\Oracle\Middleware\Oracle_FRHome1\BIN\oran11.dll
0x0000000004da0000 - 0x0000000004dc1000 	D:\Oracle\Middleware\Oracle_FRHome1\BIN\orancrypt11.dll
0x0000000004e50000 - 0x0000000004e85000 	D:\Oracle\Middleware\Oracle_FRHome1\BIN\orantcp11.dll
0x0000000004dd0000 - 0x0000000004e46000 	D:\Oracle\Middleware\Oracle_FRHome1\BIN\oranl11.dll
0x00007ffc22e30000 - 0x00007ffc22edc000 	C:\Windows\WinSxS\amd64_microsoft.windows.common-controls_6595b64144ccf1df_5.82.14393.2457_none_a13eaee9d8fd5c07\COMCTL32.dll
0x0000000004e90000 - 0x0000000004f60000 	D:\Oracle\Middleware\Oracle_FRHome1\BIN\libmmd.dll
0x0000000004f60000 - 0x0000000005176000 	D:\Oracle\Middleware\Oracle_FRHome1\BIN\orannzsbb11.dll
0x0000000005180000 - 0x0000000005206000 	D:\Oracle\Middleware\Oracle_FRHome1\BIN\orahasgen11.dll
0x0000000005210000 - 0x000000000528e000 	D:\Oracle\Middleware\Oracle_FRHome1\BIN\oraocr11.dll
0x0000000005290000 - 0x000000000549d000 	D:\Oracle\Middleware\Oracle_FRHome1\BIN\orazt11.dll
0x00000000054a0000 - 0x00000000058ce000 	D:\Oracle\Middleware\Oracle_FRHome1\BIN\oraplp11.dll
0x00000000058d0000 - 0x00000000058ec000 	D:\Oracle\Middleware\Oracle_FRHome1\BIN\oraplc11.dll
0x0000000065250000 - 0x000000006526e000 	D:\Oracle\Middleware\Oracle_FRHome1\BIN\UICC.dll
0x00000000058f0000 - 0x00000000058f7000 	D:\Oracle\Middleware\Oracle_FRHome1\BIN\oravsn11.dll
0x0000000005900000 - 0x0000000005b18000 	D:\Oracle\Middleware\Oracle_FRHome1\BIN\oraldapclnt11.dll
0x0000000005b20000 - 0x0000000005b7a000 	D:\Oracle\Middleware\Oracle_FRHome1\BIN\oranro11.dll
0x00007ffc20c60000 - 0x00007ffc20c80000 	C:\Windows\SYSTEM32\AVIFIL32.dll
0x00007ffc26ac0000 - 0x00007ffc26aeb000 	C:\Windows\SYSTEM32\WINMMBASE.dll
0x0000000005bb0000 - 0x0000000005bbc000 	D:\Oracle\Middleware\Oracle_FRHome1\BIN\oranhost11.dll
0x0000000005be0000 - 0x0000000005c32000 	D:\Oracle\Middleware\Oracle_FRHome1\BIN\oranldap11.dll
0x0000000005bc0000 - 0x0000000005bc7000 	D:\Oracle\Middleware\Oracle_FRHome1\BIN\orancds11.dll
0x0000000005bd0000 - 0x0000000005bdf000 	D:\Oracle\Middleware\Oracle_FRHome1\BIN\orantns11.dll
0x0000000005c40000 - 0x0000000005ced000 	D:\Oracle\Middleware\Oracle_FRHome1\BIN\oraztkg11.dll
0x00007ffc20c40000 - 0x00007ffc20c58000 	C:\Windows\SYSTEM32\msvcirt.dll
0x0000000005cf0000 - 0x0000000005cfc000 	D:\Oracle\Middleware\Oracle_FRHome1\BIN\oraslax11.dll
0x0000000005d00000 - 0x0000000005d68000 	D:\Oracle\Middleware\Oracle_FRHome1\BIN\oraocrb11.dll
0x00007ffc27d50000 - 0x00007ffc27d88000 	C:\Windows\SYSTEM32\iphlpapi.dll
0x00007ffc1cdc0000 - 0x00007ffc1cdd9000 	C:\Windows\SYSTEM32\NETAPI32.dll
0x00007ffc251f0000 - 0x00007ffc251fc000 	C:\Windows\SYSTEM32\Secur32.dll
0x00007ffc20bf0000 - 0x00007ffc20c19000 	C:\Windows\SYSTEM32\MSVFW32.dll
0x00007ffc20c20000 - 0x00007ffc20c3c000 	C:\Windows\SYSTEM32\MSACM32.dll
0x00007ffc25df0000 - 0x00007ffc25e09000 	C:\Windows\SYSTEM32\SAMCLI.DLL
0x00007ffc283c0000 - 0x00007ffc283ec000 	C:\Windows\SYSTEM32\SSPICLI.DLL
0x00007ffc27d90000 - 0x00007ffc27d9d000 	C:\Windows\SYSTEM32\NETUTILS.DLL
0x00007ffc27e80000 - 0x00007ffc27ec0000 	C:\Windows\SYSTEM32\LOGONCLI.DLL
0x00007ffc26fd0000 - 0x00007ffc27065000 	C:\Windows\system32\uxtheme.dll
0x00007ffc2b800000 - 0x00007ffc2b95b000 	C:\Windows\System32\MSCTF.dll
0x00007ffc260c0000 - 0x00007ffc260e6000 	C:\Windows\system32\dwmapi.dll
0x00007ffc28630000 - 0x00007ffc28686000 	C:\Windows\SYSTEM32\WINSTA.dll
0x00007ffc2c1e0000 - 0x00007ffc2c27f000 	C:\Windows\System32\clbcatq.dll
0x00007ffc15e30000 - 0x00007ffc15e79000 	C:\Windows\system32\dataexchange.dll
0x00007ffc23310000 - 0x00007ffc235c6000 	C:\Windows\system32\d3d11.dll
0x00007ffc26500000 - 0x00007ffc26651000 	C:\Windows\system32\dcomp.dll
0x00007ffc27830000 - 0x00007ffc278cf000 	C:\Windows\system32\dxgi.dll
0x00007ffc27220000 - 0x00007ffc27333000 	C:\Windows\system32\twinapi.appcore.dll
0x00007ffc15f20000 - 0x00007ffc15f8f000 	C:\Windows\SYSTEM32\MMDevAPI.DLL
0x00007ffc273e0000 - 0x00007ffc27408000 	C:\Windows\SYSTEM32\DEVOBJ.dll
0x00007ffc24b10000 - 0x00007ffc24c95000 	C:\Windows\SYSTEM32\PROPSYS.dll
0x000000006d8b0000 - 0x000000006e069000 	D:\Oracle\Middleware\Oracle_FRHome1\jdk\jre\bin\server\jvm.dll
0x000000006d820000 - 0x000000006d82e000 	D:\Oracle\Middleware\Oracle_FRHome1\jdk\jre\bin\verify.dll
0x000000006d450000 - 0x000000006d477000 	D:\Oracle\Middleware\Oracle_FRHome1\jdk\jre\bin\java.dll
0x000000006d870000 - 0x000000006d882000 	D:\Oracle\Middleware\Oracle_FRHome1\jdk\jre\bin\zip.dll

VM Arguments:
jvm_args: -Dsun.java2d.noddraw=true -Xnohup -Xbootclasspath/p:D:\Oracle\Middleware\Oracle_FRHome1\vbroker4\lib\vbjboot.jar 
java_command: <unknown>
Launcher Type: generic

Environment Variables:
PATH=C:\orant\bin;C:\oraclexe\app\oracle\product\11.2.0\server\bin;D:\Oracle\Middleware\Oracle_FRHome1\bin;C:\Windows\system32;C:\Windows;C:\Windows\System32\Wbem;C:\Windows\System32\WindowsPowerShell\v1.0\;D:\Oracle\Middleware\Oracle_FRHome1\opmn\bin;D:\Oracle\Middleware\Oracle_FRHome1\opmn\lib;D:\Oracle\Middleware\Oracle_FRHome1\perl\bin;C:\instantclient_19_12;C:\Users\Administrator\AppData\Local\Microsoft\WindowsApps;
USERNAME=Administrator
LD_LIBRARY_PATH=D:\Oracle\Middleware\Oracle_FRHome1\lib
OS=Windows_NT
PROCESSOR_IDENTIFIER=Intel64 Family 6 Model 63 Stepping 2, GenuineIntel



---------------  S Y S T E M  ---------------

OS: Windows NT 6.1 , 64 bit Build 7600 

CPU:total 8 (2 cores per cpu, 1 threads per core) family 6 model 63 stepping 2, cmov, cx8, fxsr, mmx, sse, sse2, sse3, ssse3, sse4.1, sse4.2, popcnt

Memory: 4k page, physical 33553380k(25002668k free), swap 38534116k(26317396k free)

vm_info: Java HotSpot(TM) 64-Bit Server VM (20.10-b01) for windows-amd64 JRE (1.6.0_35-b10), built on Aug 28 2012 16:50:10 by "java_re" with MS VC++ 8.0 (VS2005)

time: Fri Jan 06 17:06:21 2023
elapsed time: 11 seconds

