#
# A fatal error has been detected by the Java Runtime Environment:
#
#  EXCEPTION_ACCESS_VIOLATION (0xc0000005) at pc=0x00007ff8e4a69932, pid=18408, tid=2880
#
# JRE version: 6.0_35-b10
# Java VM: Java HotSpot(TM) 64-Bit Server VM (20.10-b01 mixed mode windows-amd64 compressed oops)
# Problematic frame:
# C  [ntdll.dll+0xa9932]
#
# If you would like to submit a bug report, please visit:
#   http://java.sun.com/webapps/bugreport/crash.jsp
#

---------------  T H R E A D  ---------------

Current thread (0x00000000069f9800):  JavaThread "main" [_thread_in_Java, id=2880, stack(0x0000000000050000,0x0000000000150000)]

siginfo: ExceptionCode=0xc0000005, reading address 0xffffffffffffffff

Registers:
RAX=0x0000000000131001, RBX=0x0000000000000000, RCX=0x0000000000143c08, RDX=0x0000000000143b20
RSP=0x0000000000143aa8, RBP=0x00007ff8c60f6fc0, RSI=0x0000000000000023, RDI=0x0000000000000003
R8 =0x000000000033f000, R9 =0x0000000000143ab0, R10=0x0000000000000000, R11=0x00007ff8e48c4157
R12=0x0000000000000050, R13=0x0000000000000000, R14=0x00007ff8c60f6fc0, R15=0x0000000000000000
RIP=0x00007ff8e4a69932, EFLAGS=0x0000000000010202

Top of Stack: (sp=0x0000000000143aa8)
0x0000000000143aa8:   0000000000000202 00007ff8e49f23de
0x0000000000143ab8:   0000000000000540 0000000000000000
0x0000000000143ac8:   00007ff8e4860000 00000000069f9800
0x0000000000143ad8:   0000000000000000 0000000019db81b0
0x0000000000143ae8:   0000000000000510 00000000104a9890
0x0000000000143af8:   00007ff8e4869e50 0000000000000510
0x0000000000143b08:   00000000104a9890 0000000000131000
0x0000000000143b18:   000000000000000a 0000000000150000
0x0000000000143b28:   000000006daa2996 00000003107908c0
0x0000000000143b38:   00000000104a9890 00000000104c48e8
0x0000000000143b48:   0000000000000050 00000000104c48e8
0x0000000000143b58:   000000006da90177 0000000000000001
0x0000000000143b68:   0000000000000002 00000000107908c0
0x0000000000143b78:   0000000000000023 0000000000000000
0x0000000000143b88:   0000000000143d90 0000000000143dc0
0x0000000000143b98:   0000000009ff0000 00007ff8c60f6fc0 

Instructions: (pc=0x00007ff8e4a69932)
0x00007ff8e4a69912:   cc cc cc cc 66 66 0f 1f 84 00 00 00 00 00 48 9c
0x00007ff8e4a69922:   d9 b9 00 01 00 00 c7 81 02 01 00 00 00 00 00 00
0x00007ff8e4a69932:   0f 29 b1 00 02 00 00 0f 29 b9 10 02 00 00 44 0f
0x00007ff8e4a69942:   29 81 20 02 00 00 44 0f 29 89 30 02 00 00 44 0f 


Register to memory mapping:

RAX=0x0000000000131001 is pointing into the stack for thread: 0x00000000069f9800
RBX=0x0000000000000000 is an unknown value
RCX=0x0000000000143c08 is pointing into the stack for thread: 0x00000000069f9800
RDX=0x0000000000143b20 is pointing into the stack for thread: 0x00000000069f9800
RSP=0x0000000000143aa8 is pointing into the stack for thread: 0x00000000069f9800
RBP=0x00007ff8c60f6fc0 is an unknown value
RSI=0x0000000000000023 is an unknown value
RDI=0x0000000000000003 is an unknown value
R8 =0x000000000033f000 is an unknown value
R9 =0x0000000000143ab0 is pointing into the stack for thread: 0x00000000069f9800
R10=0x0000000000000000 is an unknown value
R11=0x00007ff8e48c4157 is an unknown value
R12=0x0000000000000050 is an unknown value
R13=0x0000000000000000 is an unknown value
R14=0x00007ff8c60f6fc0 is an unknown value
R15=0x0000000000000000 is an unknown value


Stack: [0x0000000000050000,0x0000000000150000],  sp=0x0000000000143aa8,  free space=974k
Native frames: (J=compiled Java code, j=interpreted, Vv=VM code, C=native code)
C  [ntdll.dll+0xa9932]  KiRaiseUserExceptionDispatcher+0x72

Java frames: (J=compiled Java code, j=interpreted, Vv=VM code)
v  blob 0x000000000a02707f
j  java.util.jar.Attributes.putValue(Ljava/lang/String;Ljava/lang/String;)Ljava/lang/String;+13
j  java.util.jar.Attributes.read(Ljava/util/jar/Manifest$FastInputStream;[B)V+301
j  java.util.jar.Manifest.read(Ljava/io/InputStream;)V+21
j  sun.security.util.SignatureFileVerifier.processImpl(Ljava/util/Hashtable;Ljava/util/List;)V+20
j  sun.security.util.SignatureFileVerifier.process(Ljava/util/Hashtable;Ljava/util/List;)V+9
j  java.util.jar.JarVerifier.processEntry(Lsun/security/util/ManifestEntryVerifier;)V+387
j  java.util.jar.JarVerifier.update(I[BIILsun/security/util/ManifestEntryVerifier;)V+39
j  java.util.jar.JarFile.initializeVerifier()V+107
j  java.util.jar.JarFile.getInputStream(Ljava/util/zip/ZipEntry;)Ljava/io/InputStream;+25
j  sun.misc.URLClassPath$JarLoader$2.getInputStream()Ljava/io/InputStream;+11
j  sun.misc.Resource.cachedInputStream()Ljava/io/InputStream;+9
j  sun.misc.Resource.getByteBuffer()Ljava/nio/ByteBuffer;+1
j  java.net.URLClassLoader.defineClass(Ljava/lang/String;Lsun/misc/Resource;Z)Ljava/lang/Class;+182
j  java.net.URLClassLoader.access$000(Ljava/net/URLClassLoader;Ljava/lang/String;Lsun/misc/Resource;Z)Ljava/lang/Class;+4
j  java.net.URLClassLoader$1.run()Ljava/lang/Object;+44
v  ~StubRoutines::call_stub
j  java.security.AccessController.doPrivileged(Ljava/security/PrivilegedExceptionAction;Ljava/security/AccessControlContext;)Ljava/lang/Object;+0
j  java.net.URLClassLoader.findClass(Ljava/lang/String;)Ljava/lang/Class;+13
j  java.lang.ClassLoader.loadClass(Ljava/lang/String;Z)Ljava/lang/Class;+47
j  sun.misc.Launcher$AppClassLoader.loadClass(Ljava/lang/String;Z)Ljava/lang/Class;+41
j  java.lang.ClassLoader.loadClass(Ljava/lang/String;)Ljava/lang/Class;+3
v  ~StubRoutines::call_stub
j  java.lang.ClassLoader.defineClass1(Ljava/lang/String;[BIILjava/security/ProtectionDomain;Ljava/lang/String;Z)Ljava/lang/Class;+0
j  java.lang.ClassLoader.defineClassCond(Ljava/lang/String;[BIILjava/security/ProtectionDomain;Z)Ljava/lang/Class;+32
j  java.lang.ClassLoader.defineClass(Ljava/lang/String;[BIILjava/security/ProtectionDomain;)Ljava/lang/Class;+9
j  java.security.SecureClassLoader.defineClass(Ljava/lang/String;[BIILjava/security/CodeSource;)Ljava/lang/Class;+27
j  java.net.URLClassLoader.defineClass(Ljava/lang/String;Lsun/misc/Resource;Z)Ljava/lang/Class;+369
j  java.net.URLClassLoader.access$000(Ljava/net/URLClassLoader;Ljava/lang/String;Lsun/misc/Resource;Z)Ljava/lang/Class;+4
j  java.net.URLClassLoader$1.run()Ljava/lang/Object;+44
v  ~StubRoutines::call_stub
j  java.security.AccessController.doPrivileged(Ljava/security/PrivilegedExceptionAction;Ljava/security/AccessControlContext;)Ljava/lang/Object;+0
j  java.net.URLClassLoader.findClass(Ljava/lang/String;)Ljava/lang/Class;+13
j  java.lang.ClassLoader.loadClass(Ljava/lang/String;Z)Ljava/lang/Class;+47
j  sun.misc.Launcher$AppClassLoader.loadClass(Ljava/lang/String;Z)Ljava/lang/Class;+41
j  java.lang.ClassLoader.loadClass(Ljava/lang/String;)Ljava/lang/Class;+3
v  ~StubRoutines::call_stub
j  java.lang.ClassLoader.defineClass1(Ljava/lang/String;[BIILjava/security/ProtectionDomain;Ljava/lang/String;Z)Ljava/lang/Class;+0
j  java.lang.ClassLoader.defineClassCond(Ljava/lang/String;[BIILjava/security/ProtectionDomain;Z)Ljava/lang/Class;+32
j  java.lang.ClassLoader.defineClass(Ljava/lang/String;[BIILjava/security/ProtectionDomain;)Ljava/lang/Class;+9
j  java.security.SecureClassLoader.defineClass(Ljava/lang/String;[BIILjava/security/CodeSource;)Ljava/lang/Class;+27
j  java.net.URLClassLoader.defineClass(Ljava/lang/String;Lsun/misc/Resource;Z)Ljava/lang/Class;+369
j  java.net.URLClassLoader.access$000(Ljava/net/URLClassLoader;Ljava/lang/String;Lsun/misc/Resource;Z)Ljava/lang/Class;+4
j  java.net.URLClassLoader$1.run()Ljava/lang/Object;+44
v  ~StubRoutines::call_stub
j  java.security.AccessController.doPrivileged(Ljava/security/PrivilegedExceptionAction;Ljava/security/AccessControlContext;)Ljava/lang/Object;+0
j  java.net.URLClassLoader.findClass(Ljava/lang/String;)Ljava/lang/Class;+13
j  java.lang.ClassLoader.loadClass(Ljava/lang/String;Z)Ljava/lang/Class;+47
j  sun.misc.Launcher$AppClassLoader.loadClass(Ljava/lang/String;Z)Ljava/lang/Class;+41
j  java.lang.ClassLoader.loadClass(Ljava/lang/String;)Ljava/lang/Class;+3
v  ~StubRoutines::call_stub

---------------  P R O C E S S  ---------------

Java Threads: ( => current thread )
  0x0000000010530000 JavaThread "AWT-Shutdown" [_thread_blocked, id=9320, stack(0x000000002cfd0000,0x000000002d0d0000)]
  0x000000001050b800 JavaThread "AWT-Windows" daemon [_thread_in_native, id=10768, stack(0x0000000011130000,0x0000000011230000)]
  0x000000001050a000 JavaThread "Java2D Disposer" daemon [_thread_blocked, id=5648, stack(0x000000000fda0000,0x000000000fea0000)]
  0x000000000e782800 JavaThread "Low Memory Detector" daemon [_thread_blocked, id=11252, stack(0x000000000f910000,0x000000000fa10000)]
  0x000000000e774800 JavaThread "C2 CompilerThread1" daemon [_thread_blocked, id=4240, stack(0x000000000f810000,0x000000000f910000)]
  0x000000000e770800 JavaThread "C2 CompilerThread0" daemon [_thread_blocked, id=1836, stack(0x000000000f710000,0x000000000f810000)]
  0x000000000e76b000 JavaThread "Attach Listener" daemon [_thread_blocked, id=9108, stack(0x000000000f610000,0x000000000f710000)]
  0x000000000e76a000 JavaThread "Signal Dispatcher" daemon [_thread_blocked, id=11888, stack(0x000000000f510000,0x000000000f610000)]
  0x000000000e704800 JavaThread "Finalizer" daemon [_thread_blocked, id=3856, stack(0x000000000f410000,0x000000000f510000)]
  0x000000000e701800 JavaThread "Reference Handler" daemon [_thread_blocked, id=14296, stack(0x000000000f310000,0x000000000f410000)]
=>0x00000000069f9800 JavaThread "main" [_thread_in_Java, id=2880, stack(0x0000000000050000,0x0000000000150000)]

Other Threads:
  0x000000000e6ed800 VMThread [stack: 0x000000000f210000,0x000000000f310000] [id=3596]
  0x000000000e795800 WatcherThread [stack: 0x000000000fa10000,0x000000000fb10000] [id=16052]

VM state:not at safepoint (normal execution)

VM Mutex/Monitor currently owned by a thread: None

Heap
 PSYoungGen      total 76480K, used 44995K [0x00000007aaab0000, 0x00000007b0000000, 0x0000000800000000)
  eden space 65600K, 68% used [0x00000007aaab0000,0x00000007ad6a0dc8,0x00000007aeac0000)
  from space 10880K, 0% used [0x00000007af560000,0x00000007af560000,0x00000007b0000000)
  to   space 10880K, 0% used [0x00000007aeac0000,0x00000007aeac0000,0x00000007af560000)
 PSOldGen        total 174784K, used 0K [0x0000000700000000, 0x000000070aab0000, 0x00000007aaab0000)
  object space 174784K, 0% used [0x0000000700000000,0x0000000700000000,0x000000070aab0000)
 PSPermGen       total 21248K, used 8920K [0x00000006fae00000, 0x00000006fc2c0000, 0x0000000700000000)
  object space 21248K, 41% used [0x00000006fae00000,0x00000006fb6b63e8,0x00000006fc2c0000)

Code Cache  [0x0000000009ff0000, 0x000000000a260000, 0x000000000cff0000)
 total_blobs=356 nmethods=35 adapters=275 free_code_cache=49795520 largest_free_block=13248

Dynamic libraries:
0x0000000000400000 - 0x00000000007de000 	D:\Oracle\Middleware\Oracle_FRHome1\BIN\frmbld.exe
0x00007ff8e49c0000 - 0x00007ff8e4b8f000 	C:\Windows\SYSTEM32\ntdll.dll
0x00007ff8e2c10000 - 0x00007ff8e2cbd000 	C:\Windows\System32\KERNEL32.DLL
0x00007ff8e1bf0000 - 0x00007ff8e1e0e000 	C:\Windows\System32\KERNELBASE.dll
0x00007ff8df290000 - 0x00007ff8df30a000 	C:\Windows\system32\apphelp.dll
0x00007ff8c5d40000 - 0x00007ff8c61c2000 	C:\Windows\AppPatch\AppPatch64\AcLayers.DLL
0x00007ff8e4850000 - 0x00007ff8e48ee000 	C:\Windows\System32\msvcrt.dll
0x00007ff8e4680000 - 0x00007ff8e47e6000 	C:\Windows\System32\USER32.dll
0x00007ff8e0e90000 - 0x00007ff8e0eae000 	C:\Windows\System32\win32u.dll
0x00007ff8e2810000 - 0x00007ff8e2844000 	C:\Windows\System32\GDI32.dll
0x00007ff8e18f0000 - 0x00007ff8e1a74000 	C:\Windows\System32\gdi32full.dll
0x00007ff8e47f0000 - 0x00007ff8e4842000 	C:\Windows\System32\SHLWAPI.dll
0x00007ff8e1f60000 - 0x00007ff8e2226000 	C:\Windows\System32\combase.dll
0x00007ff8e1af0000 - 0x00007ff8e1be4000 	C:\Windows\System32\ucrtbase.dll
0x00007ff8e2260000 - 0x00007ff8e237d000 	C:\Windows\System32\RPCRT4.dll
0x00007ff8e1a80000 - 0x00007ff8e1aec000 	C:\Windows\System32\bcryptPrimitives.dll
0x0000000180000000 - 0x0000000180003000 	C:\Windows\SYSTEM32\sfc.dll
0x00007ff8d9d90000 - 0x00007ff8d9e17000 	C:\Windows\SYSTEM32\WINSPOOL.DRV
0x00007ff8e0d50000 - 0x00007ff8e0d7b000 	C:\Windows\SYSTEM32\bcrypt.dll
0x00007ff8d1a00000 - 0x00007ff8d1a11000 	C:\Windows\SYSTEM32\sfc_os.DLL
0x00007ff8d69a0000 - 0x00007ff8d69b1000 	C:\Windows\SYSTEM32\SortWindows61.dll
0x00007ff8e44f0000 - 0x00007ff8e451e000 	C:\Windows\System32\IMM32.DLL
0x00000000669f0000 - 0x0000000066a65000 	D:\Oracle\Middleware\Oracle_FRHome1\BIN\CA.dll
0x00007ff8e29f0000 - 0x00007ff8e2b29000 	C:\Windows\System32\ole32.dll
0x0000000010000000 - 0x000000001014b000 	D:\Oracle\Middleware\Oracle_FRHome1\BIN\oracore11.dll
0x0000000066070000 - 0x000000006609b000 	D:\Oracle\Middleware\Oracle_FRHome1\BIN\mmc.dll
0x00007ff8e2380000 - 0x00007ff8e23db000 	C:\Windows\System32\sechost.dll
0x00007ff8e48f0000 - 0x00007ff8e49b0000 	C:\Windows\System32\OLEAUT32.dll
0x00007ff8e1ec0000 - 0x00007ff8e1f5c000 	C:\Windows\System32\msvcp_win.dll
0x0000000066030000 - 0x0000000066065000 	D:\Oracle\Middleware\Oracle_FRHome1\BIN\mmi.dll
0x00007ff8e2b30000 - 0x00007ff8e2b9a000 	C:\Windows\System32\WS2_32.dll
0x00007ff8e4440000 - 0x00007ff8e44e6000 	C:\Windows\System32\ADVAPI32.dll
0x0000000065fa0000 - 0x0000000065fcf000 	D:\Oracle\Middleware\Oracle_FRHome1\BIN\mmw.dll
0x00007ff8e49b0000 - 0x00007ff8e49b8000 	C:\Windows\System32\PSAPI.DLL
0x0000000002710000 - 0x0000000002810000 	D:\Oracle\Middleware\Oracle_FRHome1\BIN\oranls11.dll
0x0000000065f70000 - 0x0000000065f92000 	D:\Oracle\Middleware\Oracle_FRHome1\BIN\nn.dll
0x0000000002810000 - 0x0000000002a41000 	D:\Oracle\Middleware\Oracle_FRHome1\BIN\oracommon11.dll
0x0000000002a50000 - 0x000000000379a000 	D:\Oracle\Middleware\Oracle_FRHome1\BIN\orageneric11.dll
0x00000000037a0000 - 0x0000000003808000 	D:\Oracle\Middleware\Oracle_FRHome1\BIN\orasql11.dll
0x0000000065220000 - 0x0000000065247000 	D:\Oracle\Middleware\Oracle_FRHome1\BIN\UIDC.dll
0x0000000065120000 - 0x00000000651c1000 	D:\Oracle\Middleware\Oracle_FRHome1\BIN\UIREM.dll
0x0000000003810000 - 0x0000000003955000 	D:\Oracle\Middleware\Oracle_FRHome1\BIN\UIW.dll
0x00007ff8e2d70000 - 0x00007ff8e4275000 	C:\Windows\System32\SHELL32.dll
0x0000000065200000 - 0x000000006521c000 	D:\Oracle\Middleware\Oracle_FRHome1\BIN\UIIM.dll
0x00007ff8e16a0000 - 0x00007ff8e16e2000 	C:\Windows\System32\cfgmgr32.dll
0x00007ff8e0eb0000 - 0x00007ff8e1583000 	C:\Windows\System32\windows.storage.dll
0x00007ff8e0e40000 - 0x00007ff8e0e8c000 	C:\Windows\System32\powrprof.dll
0x00000000652f0000 - 0x0000000065311000 	D:\Oracle\Middleware\Oracle_FRHome1\BIN\UAT.dll
0x00007ff8e0e30000 - 0x00007ff8e0e3f000 	C:\Windows\System32\kernel.appcore.dll
0x00007ff8e1e10000 - 0x00007ff8e1eb8000 	C:\Windows\System32\shcore.dll
0x00007ff8e4340000 - 0x00007ff8e443a000 	C:\Windows\System32\comdlg32.dll
0x00007ff8e0e00000 - 0x00007ff8e0e14000 	C:\Windows\System32\profapi.dll
0x0000000000800000 - 0x000000000080a000 	D:\Oracle\Middleware\Oracle_FRHome1\BIN\UTC.dll
0x00000000007f0000 - 0x00000000007fe000 	D:\Oracle\Middleware\Oracle_FRHome1\BIN\UTJ.dll
0x0000000000af0000 - 0x0000000000b09000 	D:\Oracle\Middleware\Oracle_FRHome1\BIN\UTL.dll
0x00007ff8e2240000 - 0x00007ff8e225c000 	C:\Windows\System32\imagehlp.dll
0x0000000064e30000 - 0x0000000064f6a000 	D:\Oracle\Middleware\Oracle_FRHome1\BIN\VGS.dll
0x0000000000810000 - 0x0000000000815000 	D:\Oracle\Middleware\Oracle_FRHome1\BIN\obs.dll
0x00000000669e0000 - 0x00000000669e6000 	D:\Oracle\Middleware\Oracle_FRHome1\BIN\D2SC.dll
0x0000000003960000 - 0x0000000003965000 	D:\Oracle\Middleware\Oracle_FRHome1\BIN\dfc.dll
0x0000000003970000 - 0x0000000003c4d000 	D:\Oracle\Middleware\Oracle_FRHome1\BIN\DE.dll
0x00000000652b0000 - 0x00000000652e7000 	D:\Oracle\Middleware\Oracle_FRHome1\BIN\UCOL.dll
0x0000000066000000 - 0x0000000066021000 	D:\Oracle\Middleware\Oracle_FRHome1\BIN\mms.dll
0x00000000660b0000 - 0x00000000660bf000 	D:\Oracle\Middleware\Oracle_FRHome1\BIN\mma.dll
0x0000000003c50000 - 0x0000000004077000 	D:\Oracle\Middleware\Oracle_FRHome1\BIN\oraclient11.dll
0x0000000065270000 - 0x00000000652a7000 	D:\Oracle\Middleware\Oracle_FRHome1\BIN\UIA.dll
0x0000000065f00000 - 0x0000000065f57000 	D:\Oracle\Middleware\Oracle_FRHome1\BIN\ROS.dll
0x00007ff8d3b80000 - 0x00007ff8d3b89000 	C:\Windows\SYSTEM32\WSOCK32.dll
0x0000000004080000 - 0x0000000004087000 	D:\Oracle\Middleware\Oracle_FRHome1\BIN\orauts.dll
0x0000000004090000 - 0x00000000040ad000 	D:\Oracle\Middleware\Oracle_FRHome1\BIN\oraunls11.dll
0x00007ff8def90000 - 0x00007ff8defb3000 	C:\Windows\SYSTEM32\WINMM.dll
0x0000000065fe0000 - 0x0000000065fea000 	D:\Oracle\Middleware\Oracle_FRHome1\BIN\mmv.dll
0x00000000040b0000 - 0x00000000040e5000 	D:\Oracle\Middleware\Oracle_FRHome1\BIN\uiole.dll
0x00000000040f0000 - 0x00000000045e9000 	D:\Oracle\Middleware\Oracle_FRHome1\BIN\orapls11.dll
0x00000000045f0000 - 0x000000000462b000 	D:\Oracle\Middleware\Oracle_FRHome1\BIN\orasnls11.dll
0x0000000004630000 - 0x0000000004910000 	D:\Oracle\Middleware\Oracle_FRHome1\BIN\oraxml11.dll
0x0000000004910000 - 0x0000000004da8000 	D:\Oracle\Middleware\Oracle_FRHome1\BIN\oran11.dll
0x0000000004db0000 - 0x0000000004dd1000 	D:\Oracle\Middleware\Oracle_FRHome1\BIN\orancrypt11.dll
0x0000000004de0000 - 0x0000000004e15000 	D:\Oracle\Middleware\Oracle_FRHome1\BIN\orantcp11.dll
0x0000000004e20000 - 0x0000000004e96000 	D:\Oracle\Middleware\Oracle_FRHome1\BIN\oranl11.dll
0x0000000004f50000 - 0x0000000005166000 	D:\Oracle\Middleware\Oracle_FRHome1\BIN\orannzsbb11.dll
0x0000000005170000 - 0x00000000051f6000 	D:\Oracle\Middleware\Oracle_FRHome1\BIN\orahasgen11.dll
0x00007ff8db8c0000 - 0x00007ff8db96c000 	C:\Windows\WinSxS\amd64_microsoft.windows.common-controls_6595b64144ccf1df_5.82.14393.2457_none_a13eaee9d8fd5c07\COMCTL32.dll
0x0000000005200000 - 0x000000000527e000 	D:\Oracle\Middleware\Oracle_FRHome1\BIN\oraocr11.dll
0x0000000005280000 - 0x000000000548d000 	D:\Oracle\Middleware\Oracle_FRHome1\BIN\orazt11.dll
0x0000000005490000 - 0x0000000005560000 	D:\Oracle\Middleware\Oracle_FRHome1\BIN\libmmd.dll
0x0000000005560000 - 0x000000000598e000 	D:\Oracle\Middleware\Oracle_FRHome1\BIN\oraplp11.dll
0x0000000005990000 - 0x00000000059ac000 	D:\Oracle\Middleware\Oracle_FRHome1\BIN\oraplc11.dll
0x0000000065250000 - 0x000000006526e000 	D:\Oracle\Middleware\Oracle_FRHome1\BIN\UICC.dll
0x00000000059b0000 - 0x00000000059b7000 	D:\Oracle\Middleware\Oracle_FRHome1\BIN\oravsn11.dll
0x00000000059c0000 - 0x0000000005bd8000 	D:\Oracle\Middleware\Oracle_FRHome1\BIN\oraldapclnt11.dll
0x0000000005be0000 - 0x0000000005c3a000 	D:\Oracle\Middleware\Oracle_FRHome1\BIN\oranro11.dll
0x00007ff8d4df0000 - 0x00007ff8d4e10000 	C:\Windows\SYSTEM32\AVIFIL32.dll
0x00007ff8def60000 - 0x00007ff8def8b000 	C:\Windows\SYSTEM32\WINMMBASE.dll
0x00007ff8d4eb0000 - 0x00007ff8d4ec8000 	C:\Windows\SYSTEM32\msvcirt.dll
0x0000000005c70000 - 0x0000000005cc2000 	D:\Oracle\Middleware\Oracle_FRHome1\BIN\oranldap11.dll
0x0000000005cd0000 - 0x0000000005cdc000 	D:\Oracle\Middleware\Oracle_FRHome1\BIN\oranhost11.dll
0x0000000005ce0000 - 0x0000000005ce7000 	D:\Oracle\Middleware\Oracle_FRHome1\BIN\orancds11.dll
0x0000000005cf0000 - 0x0000000005cff000 	D:\Oracle\Middleware\Oracle_FRHome1\BIN\orantns11.dll
0x0000000005d00000 - 0x0000000005dad000 	D:\Oracle\Middleware\Oracle_FRHome1\BIN\oraztkg11.dll
0x0000000004ea0000 - 0x0000000004eac000 	D:\Oracle\Middleware\Oracle_FRHome1\BIN\oraslax11.dll
0x00007ff8e0400000 - 0x00007ff8e0438000 	C:\Windows\SYSTEM32\iphlpapi.dll
0x00007ff8d6fd0000 - 0x00007ff8d6fe9000 	C:\Windows\SYSTEM32\NETAPI32.dll
0x00007ff8ddb50000 - 0x00007ff8ddb5c000 	C:\Windows\SYSTEM32\Secur32.dll
0x0000000004eb0000 - 0x0000000004f18000 	D:\Oracle\Middleware\Oracle_FRHome1\BIN\oraocrb11.dll
0x00007ff8d08b0000 - 0x00007ff8d08d9000 	C:\Windows\SYSTEM32\MSVFW32.dll
0x00007ff8d4dd0000 - 0x00007ff8d4dec000 	C:\Windows\SYSTEM32\MSACM32.dll
0x00007ff8de560000 - 0x00007ff8de579000 	C:\Windows\SYSTEM32\SAMCLI.DLL
0x00007ff8e0ad0000 - 0x00007ff8e0afc000 	C:\Windows\SYSTEM32\SSPICLI.DLL
0x00007ff8e0440000 - 0x00007ff8e044d000 	C:\Windows\SYSTEM32\NETUTILS.DLL
0x00007ff8e0530000 - 0x00007ff8e0570000 	C:\Windows\SYSTEM32\LOGONCLI.DLL
0x00007ff8d51f0000 - 0x00007ff8d53f2000 	C:\Windows\system32\tmumh\20019\AddOn\8.55.0.1288\TmUmEvt64.dll
0x000000005f550000 - 0x000000005f6e7000 	C:\Windows\system32\tmumh\20019\TmMon\2.9.0.1084\tmmon64.dll
0x00007ff8df680000 - 0x00007ff8df715000 	C:\Windows\system32\uxtheme.dll
0x0000000002510000 - 0x000000000266b000 	C:\Windows\System32\MSCTF.dll
0x00007ff8de860000 - 0x00007ff8de886000 	C:\Windows\system32\dwmapi.dll
0x00007ff8e0950000 - 0x00007ff8e09a6000 	C:\Windows\SYSTEM32\WINSTA.dll
0x00007ff8e2cd0000 - 0x00007ff8e2d6f000 	C:\Windows\System32\clbcatq.dll
0x00007ff8c01d0000 - 0x00007ff8c0219000 	C:\Windows\system32\dataexchange.dll
0x00007ff8dba80000 - 0x00007ff8dbd36000 	C:\Windows\system32\d3d11.dll
0x00007ff8deba0000 - 0x00007ff8decf1000 	C:\Windows\system32\dcomp.dll
0x00007ff8dfee0000 - 0x00007ff8dff7f000 	C:\Windows\system32\dxgi.dll
0x00007ff8df8a0000 - 0x00007ff8df9b3000 	C:\Windows\system32\twinapi.appcore.dll
0x00007ff8bf750000 - 0x00007ff8bf7bf000 	C:\Windows\SYSTEM32\MMDevAPI.DLL
0x00007ff8dfa90000 - 0x00007ff8dfab8000 	C:\Windows\SYSTEM32\DEVOBJ.dll
0x00007ff8dd6c0000 - 0x00007ff8dd845000 	C:\Windows\SYSTEM32\PROPSYS.dll
0x000000006d8b0000 - 0x000000006e069000 	D:\Oracle\Middleware\Oracle_FRHome1\jdk\jre\bin\server\jvm.dll
0x000000006d820000 - 0x000000006d82e000 	D:\Oracle\Middleware\Oracle_FRHome1\jdk\jre\bin\verify.dll

VM Arguments:
jvm_args: -Dsun.java2d.noddraw=true -Xnohup -Xbootclasspath/p:D:\Oracle\Middleware\Oracle_FRHome1\vbroker4\lib\vbjboot.jar 
java_command: <unknown>
Launcher Type: generic

Environment Variables:
PATH=D:\Oracle\Middleware\Oracle_FRHome1\bin;C:\oraclexe\app\oracle\product\11.2.0\server\bin;C:\orant\bin;C:\Windows\system32;C:\Windows;C:\Windows\System32\Wbem;C:\Windows\System32\WindowsPowerShell\v1.0\;D:\Oracle\Middleware\Oracle_FRHome1\opmn\bin;D:\Oracle\Middleware\Oracle_FRHome1\opmn\lib;D:\Oracle\Middleware\Oracle_FRHome1\perl\bin;C:\instantclient_19_12;C:\Users\Administrator\AppData\Local\Microsoft\WindowsApps;
USERNAME=Administrator
LD_LIBRARY_PATH=D:\Oracle\Middleware\Oracle_FRHome1\lib
OS=Windows_NT
PROCESSOR_IDENTIFIER=Intel64 Family 6 Model 63 Stepping 2, GenuineIntel



---------------  S Y S T E M  ---------------

OS: Windows NT 6.1 , 64 bit Build 7600 

CPU:total 8 (2 cores per cpu, 1 threads per core) family 6 model 63 stepping 2, cmov, cx8, fxsr, mmx, sse, sse2, sse3, ssse3, sse4.1, sse4.2, popcnt

Memory: 4k page, physical 16776164k(8073736k free), swap 20839396k(8599468k free)

vm_info: Java HotSpot(TM) 64-Bit Server VM (20.10-b01) for windows-amd64 JRE (1.6.0_35-b10), built on Aug 28 2012 16:50:10 by "java_re" with MS VC++ 8.0 (VS2005)

time: Sat May 11 23:31:51 2024
elapsed time: 130896 seconds

